TN:
SF:src\middleware.ts
FN:8,isPublic
FN:10,(anonymous_4)
FN:14,middleware
FN:39,(anonymous_6)
FN:42,(anonymous_7)
FN:43,(anonymous_8)
FN:45,(anonymous_9)
FNF:7
FNH:0
FNDA:0,isPublic
FNDA:0,(anonymous_4)
FNDA:0,middleware
FNDA:0,(anonymous_6)
FNDA:0,(anonymous_7)
FNDA:0,(anonymous_8)
FNDA:0,(anonymous_9)
DA:1,0
DA:2,0
DA:3,0
DA:6,0
DA:9,0
DA:10,0
DA:14,0
DA:15,0
DA:20,0
DA:21,0
DA:22,0
DA:23,0
DA:24,0
DA:25,0
DA:29,0
DA:30,0
DA:31,0
DA:32,0
DA:33,0
DA:36,0
DA:38,0
DA:40,0
DA:43,0
DA:44,0
DA:45,0
DA:46,0
DA:51,0
DA:59,0
DA:61,0
DA:62,0
DA:66,0
DA:67,0
DA:68,0
DA:70,0
DA:71,0
DA:73,0
DA:76,0
DA:77,0
DA:78,0
DA:79,0
DA:80,0
DA:91,0
DA:94,0
LF:43
LH:0
BRDA:10,0,0,0
BRDA:10,0,1,0
BRDA:20,1,0,0
BRDA:20,1,1,0
BRDA:21,2,0,0
BRDA:21,2,1,0
BRDA:29,3,0,0
BRDA:29,3,1,0
BRDA:61,4,0,0
BRDA:61,4,1,0
BRDA:61,5,0,0
BRDA:61,5,1,0
BRDA:66,6,0,0
BRDA:66,6,1,0
BRDA:76,7,0,0
BRDA:76,7,1,0
BRDA:76,8,0,0
BRDA:76,8,1,0
BRF:18
BRH:0
end_of_record
TN:
SF:src\__tests__\e2e\critical-flows.spec.ts
FN:20,(anonymous_0)
FN:21,(anonymous_1)
FN:22,(anonymous_2)
FN:36,(anonymous_3)
FN:50,(anonymous_4)
FN:60,(anonymous_5)
FN:61,(anonymous_6)
FN:70,(anonymous_7)
FN:80,(anonymous_8)
FN:94,(anonymous_9)
FN:103,(anonymous_10)
FN:115,(anonymous_11)
FN:116,(anonymous_12)
FN:126,(anonymous_13)
FN:134,(anonymous_14)
FN:149,(anonymous_15)
FN:158,(anonymous_16)
FN:167,(anonymous_17)
FN:168,(anonymous_18)
FN:177,(anonymous_19)
FN:193,(anonymous_20)
FN:207,(anonymous_21)
FN:223,(anonymous_22)
FN:235,(anonymous_23)
FN:236,(anonymous_24)
FN:249,(anonymous_25)
FN:277,(anonymous_26)
FN:278,(anonymous_27)
FN:286,(anonymous_28)
FN:294,(anonymous_29)
FN:303,(anonymous_30)
FN:304,(anonymous_31)
FN:328,(anonymous_32)
FN:339,(anonymous_33)
FN:362,(anonymous_34)
FN:384,(anonymous_35)
FN:403,(anonymous_36)
FN:412,(anonymous_37)
FN:413,(anonymous_38)
FN:419,(anonymous_39)
FN:425,(anonymous_40)
FN:427,(anonymous_41)
FN:437,(anonymous_42)
FN:458,(anonymous_43)
FN:459,(anonymous_44)
FN:467,(anonymous_45)
FN:475,(anonymous_46)
FNF:47
FNH:0
FNDA:0,(anonymous_0)
FNDA:0,(anonymous_1)
FNDA:0,(anonymous_2)
FNDA:0,(anonymous_3)
FNDA:0,(anonymous_4)
FNDA:0,(anonymous_5)
FNDA:0,(anonymous_6)
FNDA:0,(anonymous_7)
FNDA:0,(anonymous_8)
FNDA:0,(anonymous_9)
FNDA:0,(anonymous_10)
FNDA:0,(anonymous_11)
FNDA:0,(anonymous_12)
FNDA:0,(anonymous_13)
FNDA:0,(anonymous_14)
FNDA:0,(anonymous_15)
FNDA:0,(anonymous_16)
FNDA:0,(anonymous_17)
FNDA:0,(anonymous_18)
FNDA:0,(anonymous_19)
FNDA:0,(anonymous_20)
FNDA:0,(anonymous_21)
FNDA:0,(anonymous_22)
FNDA:0,(anonymous_23)
FNDA:0,(anonymous_24)
FNDA:0,(anonymous_25)
FNDA:0,(anonymous_26)
FNDA:0,(anonymous_27)
FNDA:0,(anonymous_28)
FNDA:0,(anonymous_29)
FNDA:0,(anonymous_30)
FNDA:0,(anonymous_31)
FNDA:0,(anonymous_32)
FNDA:0,(anonymous_33)
FNDA:0,(anonymous_34)
FNDA:0,(anonymous_35)
FNDA:0,(anonymous_36)
FNDA:0,(anonymous_37)
FNDA:0,(anonymous_38)
FNDA:0,(anonymous_39)
FNDA:0,(anonymous_40)
FNDA:0,(anonymous_41)
FNDA:0,(anonymous_42)
FNDA:0,(anonymous_43)
FNDA:0,(anonymous_44)
FNDA:0,(anonymous_45)
FNDA:0,(anonymous_46)
DA:1,0
DA:18,0
DA:20,0
DA:21,0
DA:22,0
DA:24,0
DA:27,0
DA:28,0
DA:35,0
DA:36,0
DA:37,0
DA:38,0
DA:50,0
DA:52,0
DA:55,0
DA:56,0
DA:60,0
DA:61,0
DA:63,0
DA:66,0
DA:69,0
DA:70,0
DA:71,0
DA:75,0
DA:77,0
DA:80,0
DA:81,0
DA:82,0
DA:85,0
DA:87,0
DA:91,0
DA:94,0
DA:95,0
DA:96,0
DA:99,0
DA:100,0
DA:103,0
DA:105,0
DA:106,0
DA:109,0
DA:110,0
DA:111,0
DA:115,0
DA:116,0
DA:117,0
DA:118,0
DA:121,0
DA:122,0
DA:125,0
DA:126,0
DA:127,0
DA:130,0
DA:131,0
DA:134,0
DA:135,0
DA:136,0
DA:138,0
DA:142,0
DA:146,0
DA:149,0
DA:150,0
DA:151,0
DA:154,0
DA:155,0
DA:158,0
DA:159,0
DA:160,0
DA:162,0
DA:163,0
DA:167,0
DA:168,0
DA:169,0
DA:170,0
DA:173,0
DA:174,0
DA:177,0
DA:178,0
DA:179,0
DA:181,0
DA:185,0
DA:190,0
DA:193,0
DA:194,0
DA:195,0
DA:197,0
DA:200,0
DA:201,0
DA:204,0
DA:207,0
DA:208,0
DA:209,0
DA:211,0
DA:215,0
DA:220,0
DA:223,0
DA:224,0
DA:225,0
DA:227,0
DA:230,0
DA:231,0
DA:235,0
DA:236,0
DA:237,0
DA:239,0
DA:241,0
DA:242,0
DA:243,0
DA:244,0
DA:245,0
DA:249,0
DA:250,0
DA:253,0
DA:254,0
DA:256,0
DA:258,0
DA:259,0
DA:261,0
DA:263,0
DA:264,0
DA:266,0
DA:268,0
DA:269,0
DA:272,0
DA:273,0
DA:277,0
DA:278,0
DA:279,0
DA:280,0
DA:282,0
DA:283,0
DA:286,0
DA:287,0
DA:288,0
DA:290,0
DA:291,0
DA:294,0
DA:295,0
DA:296,0
DA:298,0
DA:299,0
DA:303,0
DA:304,0
DA:321,0
DA:324,0
DA:327,0
DA:328,0
DA:329,0
DA:330,0
DA:331,0
DA:335,0
DA:336,0
DA:339,0
DA:352,0
DA:355,0
DA:358,0
DA:359,0
DA:362,0
DA:374,0
DA:377,0
DA:380,0
DA:381,0
DA:384,0
DA:396,0
DA:399,0
DA:402,0
DA:403,0
DA:404,0
DA:407,0
DA:408,0
DA:412,0
DA:413,0
DA:414,0
DA:415,0
DA:416,0
DA:419,0
DA:420,0
DA:421,0
DA:422,0
DA:425,0
DA:426,0
DA:427,0
DA:428,0
DA:429,0
DA:433,0
DA:434,0
DA:437,0
DA:439,0
DA:446,0
DA:450,0
DA:454,0
DA:458,0
DA:459,0
DA:460,0
DA:461,0
DA:462,0
DA:464,0
DA:467,0
DA:468,0
DA:469,0
DA:470,0
DA:472,0
DA:475,0
DA:476,0
DA:477,0
DA:478,0
DA:480,0
LF:206
LH:0
BRDA:29,0,0,0
BRDA:29,0,1,0
BRDA:29,0,2,0
BRDA:37,1,0,0
BRDA:37,1,1,0
BRDA:71,2,0,0
BRDA:71,2,1,0
BRDA:87,3,0,0
BRDA:87,3,1,0
BRDA:87,3,2,0
BRDA:127,4,0,0
BRDA:127,4,1,0
BRDA:142,5,0,0
BRDA:142,5,1,0
BRDA:142,5,2,0
BRDA:185,6,0,0
BRDA:185,6,1,0
BRDA:185,6,2,0
BRDA:185,6,3,0
BRDA:204,7,0,0
BRDA:204,7,1,0
BRDA:215,8,0,0
BRDA:215,8,1,0
BRDA:215,8,2,0
BRDA:215,8,3,0
BRDA:329,9,0,0
BRDA:329,9,1,0
BRDA:404,10,0,0
BRDA:404,10,1,0
BRDA:428,11,0,0
BRDA:428,11,1,0
BRDA:439,12,0,0
BRDA:439,12,1,0
BRDA:439,12,2,0
BRDA:439,12,3,0
BRDA:439,12,4,0
BRDA:446,13,0,0
BRDA:446,13,1,0
BRDA:446,13,2,0
BRDA:450,14,0,0
BRDA:450,14,1,0
BRF:41
BRH:0
end_of_record
TN:
SF:src\__tests__\e2e\week1-features.spec.ts
FN:5,(anonymous_0)
FN:6,(anonymous_1)
FN:7,(anonymous_2)
FN:14,(anonymous_3)
FN:21,(anonymous_4)
FN:29,(anonymous_5)
FN:30,(anonymous_6)
FN:37,(anonymous_7)
FN:44,(anonymous_8)
FN:53,(anonymous_9)
FN:54,(anonymous_10)
FN:61,(anonymous_11)
FN:68,(anonymous_12)
FN:75,(anonymous_13)
FN:83,(anonymous_14)
FN:84,(anonymous_15)
FN:92,(anonymous_16)
FN:93,(anonymous_17)
FN:100,(anonymous_18)
FN:108,(anonymous_19)
FN:109,(anonymous_20)
FN:116,(anonymous_21)
FN:123,(anonymous_22)
FN:131,(anonymous_23)
FN:132,(anonymous_24)
FN:139,(anonymous_25)
FN:147,(anonymous_26)
FN:148,(anonymous_27)
FN:156,(anonymous_28)
FN:164,(anonymous_29)
FN:167,(anonymous_30)
FN:169,(anonymous_31)
FN:174,(anonymous_32)
FN:179,(anonymous_33)
FNF:34
FNH:0
FNDA:0,(anonymous_0)
FNDA:0,(anonymous_1)
FNDA:0,(anonymous_2)
FNDA:0,(anonymous_3)
FNDA:0,(anonymous_4)
FNDA:0,(anonymous_5)
FNDA:0,(anonymous_6)
FNDA:0,(anonymous_7)
FNDA:0,(anonymous_8)
FNDA:0,(anonymous_9)
FNDA:0,(anonymous_10)
FNDA:0,(anonymous_11)
FNDA:0,(anonymous_12)
FNDA:0,(anonymous_13)
FNDA:0,(anonymous_14)
FNDA:0,(anonymous_15)
FNDA:0,(anonymous_16)
FNDA:0,(anonymous_17)
FNDA:0,(anonymous_18)
FNDA:0,(anonymous_19)
FNDA:0,(anonymous_20)
FNDA:0,(anonymous_21)
FNDA:0,(anonymous_22)
FNDA:0,(anonymous_23)
FNDA:0,(anonymous_24)
FNDA:0,(anonymous_25)
FNDA:0,(anonymous_26)
FNDA:0,(anonymous_27)
FNDA:0,(anonymous_28)
FNDA:0,(anonymous_29)
FNDA:0,(anonymous_30)
FNDA:0,(anonymous_31)
FNDA:0,(anonymous_32)
FNDA:0,(anonymous_33)
DA:1,0
DA:3,0
DA:5,0
DA:6,0
DA:7,0
DA:8,0
DA:9,0
DA:10,0
DA:11,0
DA:14,0
DA:15,0
DA:16,0
DA:17,0
DA:18,0
DA:21,0
DA:22,0
DA:23,0
DA:24,0
DA:25,0
DA:29,0
DA:30,0
DA:31,0
DA:32,0
DA:33,0
DA:34,0
DA:37,0
DA:38,0
DA:39,0
DA:40,0
DA:41,0
DA:44,0
DA:45,0
DA:46,0
DA:47,0
DA:48,0
DA:49,0
DA:53,0
DA:54,0
DA:55,0
DA:56,0
DA:57,0
DA:58,0
DA:61,0
DA:62,0
DA:63,0
DA:64,0
DA:65,0
DA:68,0
DA:69,0
DA:70,0
DA:71,0
DA:72,0
DA:75,0
DA:76,0
DA:77,0
DA:78,0
DA:79,0
DA:83,0
DA:84,0
DA:85,0
DA:86,0
DA:87,0
DA:88,0
DA:92,0
DA:93,0
DA:94,0
DA:95,0
DA:96,0
DA:97,0
DA:100,0
DA:101,0
DA:102,0
DA:103,0
DA:104,0
DA:108,0
DA:109,0
DA:110,0
DA:111,0
DA:112,0
DA:113,0
DA:116,0
DA:117,0
DA:118,0
DA:119,0
DA:120,0
DA:123,0
DA:124,0
DA:125,0
DA:126,0
DA:127,0
DA:131,0
DA:132,0
DA:133,0
DA:134,0
DA:135,0
DA:136,0
DA:139,0
DA:140,0
DA:141,0
DA:142,0
DA:143,0
DA:147,0
DA:148,0
DA:149,0
DA:150,0
DA:151,0
DA:152,0
DA:153,0
DA:156,0
DA:157,0
DA:158,0
DA:159,0
DA:160,0
DA:161,0
DA:164,0
DA:165,0
DA:166,0
DA:167,0
DA:168,0
DA:169,0
DA:170,0
DA:171,0
DA:174,0
DA:175,0
DA:176,0
DA:177,0
DA:178,0
DA:179,0
DA:180,0
DA:181,0
DA:183,0
LF:131
LH:0
BRDA:181,0,0,0
BRDA:181,0,1,0
BRF:2
BRH:0
end_of_record
TN:
SF:src\app\layout.tsx
FN:36,RootLayout
FNF:1
FNH:0
FNDA:0,RootLayout
DA:2,0
DA:3,0
DA:4,0
DA:5,0
DA:6,0
DA:7,0
DA:9,0
DA:16,0
DA:23,0
DA:28,0
DA:36,0
DA:38,0
DA:42,0
DA:44,0
LF:14
LH:0
BRDA:38,0,0,0
BRDA:38,0,1,0
BRDA:42,1,0,0
BRDA:42,1,1,0
BRDA:44,2,0,0
BRDA:44,2,1,0
BRDA:44,3,0,0
BRDA:44,3,1,0
BRDA:44,3,2,0
BRF:9
BRH:0
end_of_record
TN:
SF:src\app\not-found.tsx
FN:5,NotFound
FNF:1
FNH:0
FNDA:0,NotFound
DA:1,0
DA:2,0
DA:3,0
DA:5,0
LF:4
LH:0
BRF:0
BRH:0
end_of_record
TN:
SF:src\app\page.tsx
FN:34,FeedPage
FN:48,(anonymous_5)
FN:54,(anonymous_6)
FN:54,(anonymous_7)
FN:60,(anonymous_8)
FN:64,(anonymous_9)
FN:67,(anonymous_10)
FN:68,(anonymous_11)
FN:69,(anonymous_12)
FN:71,(anonymous_13)
FN:76,(anonymous_14)
FN:136,(anonymous_15)
FN:137,(anonymous_16)
FN:139,(anonymous_17)
FN:139,(anonymous_18)
FN:140,(anonymous_19)
FN:143,(anonymous_20)
FN:184,(anonymous_21)
FN:206,(anonymous_22)
FN:208,(anonymous_23)
FN:227,(anonymous_24)
FNF:21
FNH:0
FNDA:0,FeedPage
FNDA:0,(anonymous_5)
FNDA:0,(anonymous_6)
FNDA:0,(anonymous_7)
FNDA:0,(anonymous_8)
FNDA:0,(anonymous_9)
FNDA:0,(anonymous_10)
FNDA:0,(anonymous_11)
FNDA:0,(anonymous_12)
FNDA:0,(anonymous_13)
FNDA:0,(anonymous_14)
FNDA:0,(anonymous_15)
FNDA:0,(anonymous_16)
FNDA:0,(anonymous_17)
FNDA:0,(anonymous_18)
FNDA:0,(anonymous_19)
FNDA:0,(anonymous_20)
FNDA:0,(anonymous_21)
FNDA:0,(anonymous_22)
FNDA:0,(anonymous_23)
FNDA:0,(anonymous_24)
DA:1,0
DA:2,0
DA:3,0
DA:4,0
DA:5,0
DA:6,0
DA:7,0
DA:8,0
DA:9,0
DA:10,0
DA:18,0
DA:19,0
DA:22,0
DA:24,0
DA:34,0
DA:35,0
DA:36,0
DA:38,0
DA:46,0
DA:48,0
DA:53,0
DA:54,0
DA:58,0
DA:59,0
DA:60,0
DA:63,0
DA:64,0
DA:67,0
DA:68,0
DA:69,0
DA:71,0
DA:76,0
DA:137,0
DA:138,0
DA:139,0
DA:140,0
DA:143,0
DA:145,0
DA:184,0
DA:206,0
DA:208,0
DA:228,0
LF:42
LH:0
BRDA:36,0,0,0
BRDA:36,0,1,0
BRDA:46,1,0,0
BRDA:46,1,1,0
BRDA:54,2,0,0
BRDA:54,2,1,0
BRDA:60,3,0,0
BRDA:60,3,1,0
BRDA:63,4,0,0
BRDA:63,4,1,0
BRDA:64,5,0,0
BRDA:64,5,1,0
BRDA:71,6,0,0
BRDA:71,6,1,0
BRDA:97,7,0,0
BRDA:97,7,1,0
BRDA:100,8,0,0
BRDA:100,8,1,0
BRDA:110,9,0,0
BRDA:110,9,1,0
BRDA:116,10,0,0
BRDA:127,11,0,0
BRDA:127,11,1,0
BRDA:149,12,0,0
BRDA:149,12,1,0
BRDA:156,13,0,0
BRDA:176,14,0,0
BRDA:185,15,0,0
BRDA:185,15,1,0
BRDA:198,16,0,0
BRDA:207,17,0,0
BRDA:207,17,1,0
BRDA:208,18,0,0
BRDA:208,18,1,0
BRDA:218,19,0,0
BRDA:230,20,0,0
BRDA:230,20,1,0
BRDA:230,21,0,0
BRDA:230,21,1,0
BRDA:240,22,0,0
BRF:40
BRH:0
end_of_record
TN:
SF:src\app\account\actions.ts
FN:20,(anonymous_5)
FN:28,migrationHint
FN:35,normaliseSortCode
FN:42,normaliseAccountNumber
FN:62,updatePaymentDetails
FN:140,updateDietaryPreferences
FN:148,(anonymous_11)
FN:153,(anonymous_12)
FN:197,leaveHouse
FN:202,(anonymous_14)
FN:215,(anonymous_15)
FN:257,deleteAccount
FN:270,(anonymous_17)
FN:271,(anonymous_18)
FN:282,(anonymous_19)
FN:283,(anonymous_20)
FN:284,(anonymous_21)
FN:302,(anonymous_22)
FN:316,(anonymous_23)
FNF:19
FNH:0
FNDA:0,(anonymous_5)
FNDA:0,migrationHint
FNDA:0,normaliseSortCode
FNDA:0,normaliseAccountNumber
FNDA:0,updatePaymentDetails
FNDA:0,updateDietaryPreferences
FNDA:0,(anonymous_11)
FNDA:0,(anonymous_12)
FNDA:0,leaveHouse
FNDA:0,(anonymous_14)
FNDA:0,(anonymous_15)
FNDA:0,deleteAccount
FNDA:0,(anonymous_17)
FNDA:0,(anonymous_18)
FNDA:0,(anonymous_19)
FNDA:0,(anonymous_20)
FNDA:0,(anonymous_21)
FNDA:0,(anonymous_22)
FNDA:0,(anonymous_23)
DA:3,0
DA:4,0
DA:5,0
DA:6,0
DA:7,0
DA:8,0
DA:20,0
DA:29,0
DA:30,0
DA:31,0
DA:36,0
DA:37,0
DA:38,0
DA:39,0
DA:43,0
DA:44,0
DA:46,0
DA:47,0
DA:62,0
DA:66,0
DA:68,0
DA:69,0
DA:70,0
DA:72,0
DA:73,0
DA:74,0
DA:77,0
DA:78,0
DA:79,0
DA:84,0
DA:85,0
DA:88,0
DA:90,0
DA:91,0
DA:98,0
DA:99,0
DA:108,0
DA:109,0
DA:111,0
DA:123,0
DA:124,0
DA:127,0
DA:128,0
DA:130,0
DA:131,0
DA:140,0
DA:144,0
DA:146,0
DA:148,0
DA:151,0
DA:153,0
DA:156,0
DA:158,0
DA:159,0
DA:162,0
DA:163,0
DA:167,0
DA:168,0
DA:170,0
DA:176,0
DA:177,0
DA:180,0
DA:181,0
DA:182,0
DA:183,0
DA:197,0
DA:198,0
DA:199,0
DA:201,0
DA:202,0
DA:204,0
DA:205,0
DA:211,0
DA:214,0
DA:215,0
DA:216,0
DA:220,0
DA:223,0
DA:228,0
DA:230,0
DA:231,0
DA:257,0
DA:258,0
DA:259,0
DA:262,0
DA:268,0
DA:270,0
DA:271,0
DA:273,0
DA:279,0
DA:282,0
DA:283,0
DA:284,0
DA:286,0
DA:287,0
DA:288,0
DA:289,0
DA:290,0
DA:297,0
DA:298,0
DA:302,0
DA:304,0
DA:305,0
DA:306,0
DA:312,0
DA:313,0
DA:314,0
DA:315,0
DA:316,0
DA:317,0
DA:321,0
DA:322,0
DA:327,0
DA:328,0
DA:329,0
DA:330,0
DA:336,0
DA:337,0
DA:338,0
LF:119
LH:0
BRDA:29,0,0,0
BRDA:29,0,1,0
BRDA:30,1,0,0
BRDA:30,1,1,0
BRDA:37,2,0,0
BRDA:37,2,1,0
BRDA:38,3,0,0
BRDA:38,3,1,0
BRDA:44,4,0,0
BRDA:44,4,1,0
BRDA:46,5,0,0
BRDA:46,5,1,0
BRDA:46,6,0,0
BRDA:46,6,1,0
BRDA:68,7,0,0
BRDA:68,7,1,0
BRDA:69,8,0,0
BRDA:69,8,1,0
BRDA:70,9,0,0
BRDA:70,9,1,0
BRDA:72,10,0,0
BRDA:72,10,1,0
BRDA:73,11,0,0
BRDA:73,11,1,0
BRDA:77,12,0,0
BRDA:77,12,1,0
BRDA:78,13,0,0
BRDA:78,13,1,0
BRDA:84,14,0,0
BRDA:84,14,1,0
BRDA:88,15,0,0
BRDA:88,15,1,0
BRDA:98,16,0,0
BRDA:98,16,1,0
BRDA:101,17,0,0
BRDA:101,17,1,0
BRDA:104,18,0,0
BRDA:104,18,1,0
BRDA:105,19,0,0
BRDA:105,19,1,0
BRDA:108,20,0,0
BRDA:108,20,1,0
BRDA:109,21,0,0
BRDA:109,21,1,0
BRDA:109,22,0,0
BRDA:109,22,1,0
BRDA:114,23,0,0
BRDA:114,23,1,0
BRDA:117,24,0,0
BRDA:117,24,1,0
BRDA:118,25,0,0
BRDA:118,25,1,0
BRDA:123,26,0,0
BRDA:123,26,1,0
BRDA:124,27,0,0
BRDA:124,27,1,0
BRDA:124,28,0,0
BRDA:124,28,1,0
BRDA:130,29,0,0
BRDA:130,29,1,0
BRDA:133,30,0,0
BRDA:133,30,1,0
BRDA:151,31,0,0
BRDA:151,31,1,0
BRDA:162,32,0,0
BRDA:162,32,1,0
BRDA:167,33,0,0
BRDA:167,33,1,0
BRDA:168,34,0,0
BRDA:168,34,1,0
BRDA:168,35,0,0
BRDA:168,35,1,0
BRDA:176,36,0,0
BRDA:176,36,1,0
BRDA:177,37,0,0
BRDA:177,37,1,0
BRDA:177,38,0,0
BRDA:177,38,1,0
BRDA:199,39,0,0
BRDA:199,39,1,0
BRDA:204,40,0,0
BRDA:204,40,1,0
BRDA:214,41,0,0
BRDA:214,41,1,0
BRDA:215,42,0,0
BRDA:215,42,1,0
BRDA:220,43,0,0
BRDA:220,43,1,0
BRDA:228,44,0,0
BRDA:228,44,1,0
BRDA:257,45,0,0
BRDA:268,46,0,0
BRDA:268,46,1,0
BRDA:270,47,0,0
BRDA:270,47,1,0
BRDA:271,48,0,0
BRDA:271,48,1,0
BRDA:279,49,0,0
BRDA:279,49,1,0
BRDA:279,50,0,0
BRDA:279,50,1,0
BRDA:286,51,0,0
BRDA:286,51,1,0
BRDA:286,52,0,0
BRDA:286,52,1,0
BRDA:288,53,0,0
BRDA:288,53,1,0
BRDA:289,54,0,0
BRDA:289,54,1,0
BRDA:297,55,0,0
BRDA:297,55,1,0
BRDA:302,56,0,0
BRDA:302,56,1,0
BRDA:304,57,0,0
BRDA:304,57,1,0
BRDA:305,58,0,0
BRDA:305,58,1,0
BRDA:313,59,0,0
BRDA:313,59,1,0
BRDA:314,60,0,0
BRDA:314,60,1,0
BRDA:314,61,0,0
BRDA:314,61,1,0
BRDA:315,62,0,0
BRDA:315,62,1,0
BRDA:316,63,0,0
BRDA:316,63,1,0
BRDA:321,64,0,0
BRDA:321,64,1,0
BRDA:328,65,0,0
BRDA:328,65,1,0
BRDA:329,66,0,0
BRDA:329,66,1,0
BRDA:329,67,0,0
BRDA:329,67,1,0
BRDA:331,68,0,0
BRDA:331,68,1,0
BRF:137
BRH:0
end_of_record
TN:
SF:src\app\account\page.tsx
FN:28,AccountPage
FN:37,(anonymous_6)
FN:39,(anonymous_7)
FN:39,(anonymous_8)
FN:76,(anonymous_9)
FNF:5
FNH:0
FNDA:0,AccountPage
FNDA:0,(anonymous_6)
FNDA:0,(anonymous_7)
FNDA:0,(anonymous_8)
FNDA:0,(anonymous_9)
DA:1,0
DA:2,0
DA:3,0
DA:4,0
DA:5,0
DA:6,0
DA:7,0
DA:15,0
DA:21,0
DA:23,0
DA:26,0
DA:28,0
DA:29,0
DA:37,0
DA:39,0
DA:45,0
DA:46,0
DA:77,0
LF:18
LH:0
BRDA:39,0,0,0
BRDA:39,0,1,0
BRDA:46,1,0,0
BRDA:46,1,1,0
BRDA:46,2,0,0
BRDA:46,2,1,0
BRDA:50,3,0,0
BRDA:65,4,0,0
BRDA:65,4,1,0
BRDA:122,5,0,0
BRF:10
BRH:0
end_of_record
TN:
SF:src\app\account\savings\page.tsx
FN:12,SavingsPage
FN:53,(anonymous_6)
FNF:2
FNH:0
FNDA:0,SavingsPage
FNDA:0,(anonymous_6)
DA:1,0
DA:2,0
DA:3,0
DA:4,0
DA:5,0
DA:6,0
DA:7,0
DA:9,0
DA:10,0
DA:12,0
DA:13,0
DA:54,0
LF:12
LH:0
BRDA:26,0,0,0
BRDA:40,1,0,0
BRDA:48,2,0,0
BRF:3
BRH:0
end_of_record
TN:
SF:src\app\api\push\subscribe\route.ts
FN:25,POST
FNF:1
FNH:0
FNDA:0,POST
DA:21,0
DA:22,0
DA:23,0
DA:25,0
DA:26,0
DA:28,0
DA:30,0
DA:31,0
DA:38,0
DA:40,0
DA:41,0
DA:48,0
DA:52,0
DA:61,0
DA:62,0
DA:63,0
DA:69,0
DA:74,0
DA:75,0
LF:19
LH:0
BRDA:30,0,0,0
BRDA:30,0,1,0
BRDA:40,1,0,0
BRDA:40,1,1,0
BRDA:61,2,0,0
BRDA:61,2,1,0
BRF:6
BRH:0
end_of_record
TN:
SF:src\app\api\tesco\import-session\route.ts
FN:27,POST
FNF:1
FNH:0
FNDA:0,POST
DA:22,0
DA:23,0
DA:24,0
DA:25,0
DA:27,0
DA:28,0
DA:30,0
DA:31,0
DA:32,0
DA:38,0
DA:39,0
DA:46,0
DA:47,0
DA:48,0
DA:59,0
DA:60,0
DA:61,0
DA:63,0
DA:64,0
DA:73,0
DA:83,0
DA:89,0
DA:91,0
DA:101,0
DA:102,0
LF:25
LH:0
BRDA:31,0,0,0
BRDA:31,0,1,0
BRDA:31,1,0,0
BRDA:31,1,1,0
BRDA:38,2,0,0
BRDA:38,2,1,0
BRDA:47,3,0,0
BRDA:47,3,1,0
BRDA:47,4,0,0
BRDA:47,4,1,0
BRDA:61,5,0,0
BRDA:61,5,1,0
BRDA:63,6,0,0
BRDA:63,6,1,0
BRDA:63,7,0,0
BRDA:63,7,1,0
BRDA:105,8,0,0
BRDA:105,8,1,0
BRF:18
BRH:0
end_of_record
TN:
SF:src\app\auth\callback\route.ts
FN:9,GET
FNF:1
FNH:0
FNDA:0,GET
DA:1,0
DA:2,0
DA:3,0
DA:9,0
DA:10,0
DA:11,0
DA:14,0
DA:15,0
DA:17,0
DA:18,0
DA:21,0
DA:22,0
DA:24,0
DA:25,0
DA:28,0
LF:15
LH:0
BRDA:14,0,0,0
BRDA:14,0,1,0
BRDA:15,1,0,0
BRDA:15,1,1,0
BRDA:15,2,0,0
BRDA:15,2,1,0
BRDA:17,3,0,0
BRDA:17,3,1,0
BRDA:17,4,0,0
BRDA:17,4,1,0
BRDA:24,5,0,0
BRDA:24,5,1,0
BRF:12
BRH:0
end_of_record
TN:
SF:src\app\basket\actions.ts
FN:23,(anonymous_8)
FN:40,buildBasket
FN:52,(anonymous_10)
FN:66,(anonymous_11)
FN:67,(anonymous_12)
FN:68,(anonymous_13)
FN:70,(anonymous_14)
FN:80,(anonymous_15)
FN:91,(anonymous_16)
FN:135,(anonymous_17)
FN:146,(anonymous_18)
FN:150,(anonymous_19)
FN:175,(anonymous_20)
FN:212,(anonymous_21)
FN:230,(anonymous_22)
FN:314,saveIngredientPack
FN:345,updateBasketItemQuantity
FN:373,searchTescoProducts
FN:377,(anonymous_26)
FN:389,updateIngredientProductMapping
FN:457,addManualItem
FN:507,removeManualItem
FNF:22
FNH:0
FNDA:0,(anonymous_8)
FNDA:0,buildBasket
FNDA:0,(anonymous_10)
FNDA:0,(anonymous_11)
FNDA:0,(anonymous_12)
FNDA:0,(anonymous_13)
FNDA:0,(anonymous_14)
FNDA:0,(anonymous_15)
FNDA:0,(anonymous_16)
FNDA:0,(anonymous_17)
FNDA:0,(anonymous_18)
FNDA:0,(anonymous_19)
FNDA:0,(anonymous_20)
FNDA:0,(anonymous_21)
FNDA:0,(anonymous_22)
FNDA:0,saveIngredientPack
FNDA:0,updateBasketItemQuantity
FNDA:0,searchTescoProducts
FNDA:0,(anonymous_26)
FNDA:0,updateIngredientProductMapping
FNDA:0,addManualItem
FNDA:0,removeManualItem
DA:3,0
DA:11,0
DA:12,0
DA:13,0
DA:14,0
DA:15,0
DA:16,0
DA:23,0
DA:29,0
DA:40,0
DA:41,0
DA:42,0
DA:44,0
DA:52,0
DA:54,0
DA:55,0
DA:57,0
DA:59,0
DA:60,0
DA:65,0
DA:67,0
DA:68,0
DA:70,0
DA:77,0
DA:79,0
DA:81,0
DA:82,0
DA:87,0
DA:88,0
DA:89,0
DA:91,0
DA:93,0
DA:94,0
DA:95,0
DA:96,0
DA:97,0
DA:111,0
DA:119,0
DA:124,0
DA:126,0
DA:132,0
DA:133,0
DA:135,0
DA:145,0
DA:146,0
DA:149,0
DA:150,0
DA:153,0
DA:154,0
DA:155,0
DA:160,0
DA:165,0
DA:170,0
DA:171,0
DA:175,0
DA:177,0
DA:179,0
DA:183,0
DA:205,0
DA:206,0
DA:209,0
DA:211,0
DA:212,0
DA:218,0
DA:219,0
DA:230,0
DA:231,0
DA:233,0
DA:234,0
DA:235,0
DA:237,0
DA:258,0
DA:262,0
DA:266,0
DA:268,0
DA:273,0
DA:278,0
DA:279,0
DA:280,0
DA:281,0
DA:299,0
DA:301,0
DA:304,0
DA:314,0
DA:318,0
DA:319,0
DA:321,0
DA:322,0
DA:324,0
DA:325,0
DA:326,0
DA:328,0
DA:329,0
DA:330,0
DA:332,0
DA:333,0
DA:338,0
DA:341,0
DA:345,0
DA:349,0
DA:350,0
DA:352,0
DA:354,0
DA:355,0
DA:356,0
DA:358,0
DA:362,0
DA:365,0
DA:366,0
DA:367,0
DA:368,0
DA:370,0
DA:373,0
DA:374,0
DA:375,0
DA:376,0
DA:377,0
DA:385,0
DA:389,0
DA:398,0
DA:399,0
DA:401,0
DA:403,0
DA:414,0
DA:416,0
DA:417,0
DA:418,0
DA:419,0
DA:420,0
DA:421,0
DA:422,0
DA:425,0
DA:438,0
DA:441,0
DA:442,0
DA:443,0
DA:445,0
DA:457,0
DA:461,0
DA:462,0
DA:464,0
DA:465,0
DA:467,0
DA:468,0
DA:469,0
DA:470,0
DA:471,0
DA:472,0
DA:474,0
DA:475,0
DA:477,0
DA:478,0
DA:493,0
DA:495,0
DA:498,0
DA:501,0
DA:502,0
DA:503,0
DA:507,0
DA:508,0
DA:509,0
DA:511,0
DA:512,0
DA:518,0
DA:520,0
DA:521,0
DA:522,0
LF:167
LH:0
BRDA:42,0,0,0
BRDA:42,0,1,0
BRDA:54,1,0,0
BRDA:54,1,1,0
BRDA:55,2,0,0
BRDA:55,2,1,0
BRDA:60,3,0,0
BRDA:60,3,1,0
BRDA:68,4,0,0
BRDA:68,4,1,0
BRDA:81,5,0,0
BRDA:81,5,1,0
BRDA:82,6,0,0
BRDA:82,6,1,0
BRDA:87,7,0,0
BRDA:87,7,1,0
BRDA:87,8,0,0
BRDA:87,8,1,0
BRDA:88,9,0,0
BRDA:88,9,1,0
BRDA:94,10,0,0
BRDA:94,10,1,0
BRDA:111,11,0,0
BRDA:111,11,1,0
BRDA:119,12,0,0
BRDA:119,12,1,0
BRDA:121,13,0,0
BRDA:121,13,1,0
BRDA:132,14,0,0
BRDA:132,14,1,0
BRDA:133,15,0,0
BRDA:133,15,1,0
BRDA:137,16,0,0
BRDA:137,16,1,0
BRDA:139,17,0,0
BRDA:139,17,1,0
BRDA:154,18,0,0
BRDA:154,18,1,0
BRDA:165,19,0,0
BRDA:165,19,1,0
BRDA:175,20,0,0
BRDA:175,20,1,0
BRDA:179,21,0,0
BRDA:179,21,1,0
BRDA:179,22,0,0
BRDA:179,22,1,0
BRDA:188,23,0,0
BRDA:188,23,1,0
BRDA:192,24,0,0
BRDA:192,24,1,0
BRDA:194,25,0,0
BRDA:194,25,1,0
BRDA:196,26,0,0
BRDA:196,26,1,0
BRDA:196,27,0,0
BRDA:196,27,1,0
BRDA:197,28,0,0
BRDA:197,28,1,0
BRDA:197,29,0,0
BRDA:197,29,1,0
BRDA:205,30,0,0
BRDA:205,30,1,0
BRDA:205,31,0,0
BRDA:205,31,1,0
BRDA:206,32,0,0
BRDA:206,32,1,0
BRDA:209,33,0,0
BRDA:209,33,1,0
BRDA:211,34,0,0
BRDA:211,34,1,0
BRDA:211,35,0,0
BRDA:211,35,1,0
BRDA:219,36,0,0
BRDA:219,36,1,0
BRDA:235,37,0,0
BRDA:235,37,1,0
BRDA:243,38,0,0
BRDA:243,38,1,0
BRDA:249,39,0,0
BRDA:249,39,1,0
BRDA:252,40,0,0
BRDA:252,40,1,0
BRDA:252,41,0,0
BRDA:252,41,1,0
BRDA:258,42,0,0
BRDA:258,42,1,0
BRDA:266,43,0,0
BRDA:266,43,1,0
BRDA:301,44,0,0
BRDA:301,44,1,0
BRDA:303,45,0,0
BRDA:303,45,1,0
BRDA:307,46,0,0
BRDA:307,46,1,0
BRDA:319,47,0,0
BRDA:319,47,1,0
BRDA:321,48,0,0
BRDA:321,48,1,0
BRDA:322,49,0,0
BRDA:322,49,1,0
BRDA:324,50,0,0
BRDA:324,50,1,0
BRDA:325,51,0,0
BRDA:325,51,1,0
BRDA:326,52,0,0
BRDA:326,52,1,0
BRDA:328,53,0,0
BRDA:328,53,1,0
BRDA:328,54,0,0
BRDA:328,54,1,0
BRDA:329,55,0,0
BRDA:329,55,1,0
BRDA:330,56,0,0
BRDA:330,56,1,0
BRDA:330,57,0,0
BRDA:330,57,1,0
BRDA:338,58,0,0
BRDA:338,58,1,0
BRDA:350,59,0,0
BRDA:350,59,1,0
BRDA:354,60,0,0
BRDA:354,60,1,0
BRDA:356,61,0,0
BRDA:356,61,1,0
BRDA:362,62,0,0
BRDA:362,62,1,0
BRDA:381,63,0,0
BRDA:381,63,1,0
BRDA:381,63,2,0
BRDA:382,64,0,0
BRDA:382,64,1,0
BRDA:399,65,0,0
BRDA:399,65,1,0
BRDA:414,66,0,0
BRDA:414,66,1,0
BRDA:416,67,0,0
BRDA:416,67,1,0
BRDA:420,68,0,0
BRDA:420,68,1,0
BRDA:438,69,0,0
BRDA:438,69,1,0
BRDA:462,70,0,0
BRDA:462,70,1,0
BRDA:465,71,0,0
BRDA:465,71,1,0
BRDA:467,72,0,0
BRDA:467,72,1,0
BRDA:468,73,0,0
BRDA:468,73,1,0
BRDA:469,74,0,0
BRDA:469,74,1,0
BRDA:470,75,0,0
BRDA:470,75,1,0
BRDA:471,76,0,0
BRDA:471,76,1,0
BRDA:471,77,0,0
BRDA:471,77,1,0
BRDA:472,78,0,0
BRDA:472,78,1,0
BRDA:472,79,0,0
BRDA:472,79,1,0
BRDA:474,80,0,0
BRDA:474,80,1,0
BRDA:475,81,0,0
BRDA:475,81,1,0
BRDA:475,82,0,0
BRDA:475,82,1,0
BRDA:481,83,0,0
BRDA:481,83,1,0
BRDA:483,84,0,0
BRDA:483,84,1,0
BRDA:493,85,0,0
BRDA:493,85,1,0
BRDA:495,86,0,0
BRDA:495,86,1,0
BRDA:509,87,0,0
BRDA:509,87,1,0
BRDA:518,88,0,0
BRDA:518,88,1,0
BRF:179
BRH:0
end_of_record
TN:
SF:src\app\basket\page.tsx
FN:26,BasketPage
FN:39,(anonymous_5)
FN:43,(anonymous_6)
FN:100,(anonymous_7)
FNF:4
FNH:0
FNDA:0,BasketPage
FNDA:0,(anonymous_5)
FNDA:0,(anonymous_6)
FNDA:0,(anonymous_7)
DA:1,0
DA:2,0
DA:3,0
DA:4,0
DA:5,0
DA:6,0
DA:7,0
DA:8,0
DA:9,0
DA:10,0
DA:11,0
DA:12,0
DA:13,0
DA:21,0
DA:23,0
DA:24,0
DA:26,0
DA:27,0
DA:28,0
DA:30,0
DA:38,0
DA:39,0
DA:43,0
DA:44,0
DA:101,0
LF:25
LH:0
BRDA:28,0,0,0
BRDA:28,0,1,0
BRDA:38,1,0,0
BRDA:38,1,1,0
BRDA:44,2,0,0
BRDA:44,2,1,0
BRDA:52,3,0,0
BRDA:52,3,1,0
BRDA:61,4,0,0
BRDA:61,4,1,0
BRDA:64,5,0,0
BRDA:75,6,0,0
BRDA:79,7,0,0
BRDA:79,7,1,0
BRDA:89,8,0,0
BRDA:94,9,0,0
BRDA:94,9,1,0
BRDA:101,10,0,0
BRDA:101,10,1,0
BRDA:106,11,0,0
BRDA:106,11,1,0
BRDA:114,12,0,0
BRDA:118,13,0,0
BRDA:118,13,1,0
BRDA:122,14,0,0
BRDA:122,14,1,0
BRDA:131,15,0,0
BRDA:131,15,1,0
BRF:28
BRH:0
end_of_record
TN:
SF:src\app\basket\slotActions.ts
FN:28,(anonymous_3)
FN:41,listSlots
FN:58,(anonymous_5)
FN:69,(anonymous_6)
FN:90,chooseSlot
FNF:5
FNH:0
FNDA:0,(anonymous_3)
FNDA:0,listSlots
FNDA:0,(anonymous_5)
FNDA:0,(anonymous_6)
FNDA:0,chooseSlot
DA:3,0
DA:4,0
DA:5,0
DA:6,0
DA:7,0
DA:28,0
DA:41,0
DA:44,0
DA:45,0
DA:47,0
DA:48,0
DA:50,0
DA:51,0
DA:56,0
DA:57,0
DA:58,0
DA:69,0
DA:71,0
DA:72,0
DA:78,0
DA:80,0
DA:90,0
DA:94,0
DA:95,0
DA:97,0
DA:98,0
DA:103,0
DA:104,0
DA:110,0
DA:111,0
DA:124,0
DA:126,0
DA:129,0
DA:139,0
DA:140,0
DA:142,0
DA:143,0
DA:144,0
DA:148,0
DA:149,0
DA:150,0
DA:152,0
DA:157,0
DA:160,0
DA:165,0
DA:166,0
DA:168,0
DA:169,0
DA:173,0
LF:49
LH:0
BRDA:42,0,0,0
BRDA:45,1,0,0
BRDA:45,1,1,0
BRDA:50,2,0,0
BRDA:50,2,1,0
BRDA:63,3,0,0
BRDA:63,3,1,0
BRDA:64,4,0,0
BRDA:64,4,1,0
BRDA:66,5,0,0
BRDA:66,5,1,0
BRDA:69,6,0,0
BRDA:69,6,1,0
BRDA:71,7,0,0
BRDA:71,7,1,0
BRDA:73,8,0,0
BRDA:73,8,1,0
BRDA:80,9,0,0
BRDA:80,9,1,0
BRDA:92,10,0,0
BRDA:95,11,0,0
BRDA:95,11,1,0
BRDA:98,12,0,0
BRDA:98,12,1,0
BRDA:103,13,0,0
BRDA:103,13,1,0
BRDA:124,14,0,0
BRDA:124,14,1,0
BRDA:126,15,0,0
BRDA:126,15,1,0
BRDA:149,16,0,0
BRDA:149,16,1,0
BRDA:157,17,0,0
BRDA:157,17,1,0
BRDA:160,18,0,0
BRDA:160,18,1,0
BRDA:169,19,0,0
BRDA:169,19,1,0
BRDA:174,20,0,0
BRDA:174,20,1,0
BRDA:175,21,0,0
BRDA:175,21,1,0
BRF:42
BRH:0
end_of_record
TN:
SF:src\app\basket\tescoActions.ts
FN:22,(anonymous_5)
FN:25,checkTescoSession
FN:43,importTescoSession
FN:75,syncBasketToTesco
FN:97,(anonymous_9)
FN:123,(anonymous_10)
FN:182,startTescoCheckout
FNF:7
FNH:0
FNDA:0,(anonymous_5)
FNDA:0,checkTescoSession
FNDA:0,importTescoSession
FNDA:0,syncBasketToTesco
FNDA:0,(anonymous_9)
FNDA:0,(anonymous_10)
FNDA:0,startTescoCheckout
DA:3,0
DA:4,0
DA:5,0
DA:6,0
DA:7,0
DA:11,0
DA:22,0
DA:25,0
DA:26,0
DA:27,0
DA:28,0
DA:29,0
DA:31,0
DA:38,0
DA:43,0
DA:44,0
DA:45,0
DA:47,0
DA:48,0
DA:49,0
DA:51,0
DA:52,0
DA:55,0
DA:61,0
DA:63,0
DA:70,0
DA:75,0
DA:76,0
DA:77,0
DA:79,0
DA:80,0
DA:81,0
DA:84,0
DA:87,0
DA:92,0
DA:93,0
DA:95,0
DA:97,0
DA:98,0
DA:99,0
DA:102,0
DA:103,0
DA:104,0
DA:105,0
DA:108,0
DA:110,0
DA:111,0
DA:112,0
DA:113,0
DA:114,0
DA:115,0
DA:119,0
DA:120,0
DA:121,0
DA:122,0
DA:123,0
DA:124,0
DA:130,0
DA:131,0
DA:132,0
DA:142,0
DA:147,0
DA:153,0
DA:154,0
DA:155,0
DA:157,0
DA:169,0
DA:182,0
DA:183,0
DA:184,0
DA:186,0
DA:187,0
DA:193,0
DA:194,0
DA:196,0
DA:198,0
DA:199,0
DA:200,0
DA:203,0
DA:204,0
DA:205,0
DA:206,0
DA:209,0
DA:211,0
DA:217,0
DA:223,0
LF:86
LH:0
BRDA:28,0,0,0
BRDA:28,0,1,0
BRDA:28,1,0,0
BRDA:28,1,1,0
BRDA:28,1,2,0
BRDA:38,2,0,0
BRDA:38,2,1,0
BRDA:45,3,0,0
BRDA:45,3,1,0
BRDA:49,4,0,0
BRDA:49,4,1,0
BRDA:51,5,0,0
BRDA:51,5,1,0
BRDA:51,6,0,0
BRDA:51,6,1,0
BRDA:70,7,0,0
BRDA:70,7,1,0
BRDA:77,8,0,0
BRDA:77,8,1,0
BRDA:80,9,0,0
BRDA:80,9,1,0
BRDA:92,10,0,0
BRDA:92,10,1,0
BRDA:93,11,0,0
BRDA:93,11,1,0
BRDA:95,12,0,0
BRDA:95,12,1,0
BRDA:97,13,0,0
BRDA:97,13,1,0
BRDA:98,14,0,0
BRDA:98,14,1,0
BRDA:104,15,0,0
BRDA:104,15,1,0
BRDA:122,16,0,0
BRDA:122,16,1,0
BRDA:124,17,0,0
BRDA:124,17,1,0
BRDA:131,18,0,0
BRDA:131,18,1,0
BRDA:162,19,0,0
BRDA:162,19,1,0
BRDA:163,20,0,0
BRDA:163,20,1,0
BRDA:164,21,0,0
BRDA:164,21,1,0
BRDA:169,22,0,0
BRDA:169,22,1,0
BRDA:184,23,0,0
BRDA:184,23,1,0
BRDA:193,24,0,0
BRDA:193,24,1,0
BRDA:199,25,0,0
BRDA:199,25,1,0
BRDA:205,26,0,0
BRDA:205,26,1,0
BRDA:213,27,0,0
BRDA:213,27,1,0
BRDA:223,28,0,0
BRDA:223,28,1,0
BRF:59
BRH:0
end_of_record
TN:
SF:src\app\dev\actions.ts
FN:12,(anonymous_5)
FN:27,simulateDelivery
FN:34,(anonymous_7)
FN:43,(anonymous_8)
FN:50,(anonymous_9)
FN:67,(anonymous_10)
FN:68,(anonymous_11)
FN:105,simulatePayments
FN:125,(anonymous_13)
FN:143,(anonymous_14)
FN:172,clearDelivery
FN:180,(anonymous_16)
FN:203,rotateCollector
FN:219,(anonymous_18)
FNF:14
FNH:0
FNDA:0,(anonymous_5)
FNDA:0,simulateDelivery
FNDA:0,(anonymous_7)
FNDA:0,(anonymous_8)
FNDA:0,(anonymous_9)
FNDA:0,(anonymous_10)
FNDA:0,(anonymous_11)
FNDA:0,simulatePayments
FNDA:0,(anonymous_13)
FNDA:0,(anonymous_14)
FNDA:0,clearDelivery
FNDA:0,(anonymous_16)
FNDA:0,rotateCollector
FNDA:0,(anonymous_18)
DA:3,0
DA:4,0
DA:5,0
DA:12,0
DA:27,0
DA:28,0
DA:29,0
DA:31,0
DA:32,0
DA:34,0
DA:35,0
DA:36,0
DA:39,0
DA:43,0
DA:44,0
DA:45,0
DA:48,0
DA:49,0
DA:50,0
DA:52,0
DA:62,0
DA:64,0
DA:67,0
DA:68,0
DA:80,0
DA:82,0
DA:86,0
DA:88,0
DA:90,0
DA:105,0
DA:108,0
DA:109,0
DA:111,0
DA:112,0
DA:114,0
DA:115,0
DA:116,0
DA:118,0
DA:119,0
DA:120,0
DA:125,0
DA:126,0
DA:127,0
DA:131,0
DA:138,0
DA:143,0
DA:146,0
DA:148,0
DA:149,0
DA:150,0
DA:156,0
DA:159,0
DA:165,0
DA:172,0
DA:173,0
DA:174,0
DA:176,0
DA:177,0
DA:179,0
DA:180,0
DA:182,0
DA:183,0
DA:184,0
DA:185,0
DA:186,0
DA:189,0
DA:190,0
DA:192,0
DA:203,0
DA:204,0
DA:205,0
DA:207,0
DA:208,0
DA:213,0
DA:214,0
DA:216,0
DA:217,0
DA:219,0
DA:220,0
DA:222,0
DA:226,0
DA:228,0
DA:230,0
LF:83
LH:0
BRDA:29,0,0,0
BRDA:29,0,1,0
BRDA:32,1,0,0
BRDA:32,1,1,0
BRDA:34,2,0,0
BRDA:34,2,1,0
BRDA:35,3,0,0
BRDA:35,3,1,0
BRDA:50,4,0,0
BRDA:50,4,1,0
BRDA:62,5,0,0
BRDA:62,5,1,0
BRDA:67,6,0,0
BRDA:67,6,1,0
BRDA:80,7,0,0
BRDA:80,7,1,0
BRDA:86,8,0,0
BRDA:86,8,1,0
BRDA:109,9,0,0
BRDA:109,9,1,0
BRDA:112,10,0,0
BRDA:112,10,1,0
BRDA:116,11,0,0
BRDA:116,11,1,0
BRDA:118,12,0,0
BRDA:118,12,1,0
BRDA:119,13,0,0
BRDA:119,13,1,0
BRDA:126,14,0,0
BRDA:126,14,1,0
BRDA:131,15,0,0
BRDA:131,15,1,0
BRDA:146,16,0,0
BRDA:146,16,1,0
BRDA:148,17,0,0
BRDA:148,17,1,0
BRDA:149,18,0,0
BRDA:149,18,1,0
BRDA:159,19,0,0
BRDA:159,19,1,0
BRDA:161,20,0,0
BRDA:161,20,1,0
BRDA:167,21,0,0
BRDA:167,21,1,0
BRDA:174,22,0,0
BRDA:174,22,1,0
BRDA:177,23,0,0
BRDA:177,23,1,0
BRDA:182,24,0,0
BRDA:182,24,1,0
BRDA:184,25,0,0
BRDA:184,25,1,0
BRDA:186,26,0,0
BRDA:186,26,1,0
BRDA:205,27,0,0
BRDA:205,27,1,0
BRDA:213,28,0,0
BRDA:213,28,1,0
BRDA:214,29,0,0
BRDA:214,29,1,0
BRDA:216,30,0,0
BRDA:216,30,1,0
BRDA:217,31,0,0
BRDA:217,31,1,0
BRDA:226,32,0,0
BRDA:226,32,1,0
BRDA:233,33,0,0
BRDA:233,33,1,0
BRF:68
BRH:0
end_of_record
TN:
SF:src\app\dev\ingredientActions.ts
FN:9,(anonymous_3)
FN:27,findDuplicateIngredients
FN:41,(anonymous_5)
FN:46,(anonymous_6)
FN:46,(anonymous_7)
FN:62,(anonymous_8)
FN:65,(anonymous_9)
FN:66,(anonymous_10)
FN:68,(anonymous_11)
FN:78,mergeIngredients
FN:89,(anonymous_13)
FN:90,(anonymous_14)
FN:104,(anonymous_15)
FN:106,(anonymous_16)
FN:107,(anonymous_17)
FNF:15
FNH:0
FNDA:0,(anonymous_3)
FNDA:0,findDuplicateIngredients
FNDA:0,(anonymous_5)
FNDA:0,(anonymous_6)
FNDA:0,(anonymous_7)
FNDA:0,(anonymous_8)
FNDA:0,(anonymous_9)
FNDA:0,(anonymous_10)
FNDA:0,(anonymous_11)
FNDA:0,mergeIngredients
FNDA:0,(anonymous_13)
FNDA:0,(anonymous_14)
FNDA:0,(anonymous_15)
FNDA:0,(anonymous_16)
FNDA:0,(anonymous_17)
DA:3,0
DA:4,0
DA:5,0
DA:6,0
DA:9,0
DA:27,0
DA:28,0
DA:29,0
DA:31,0
DA:32,0
DA:33,0
DA:35,0
DA:36,0
DA:37,0
DA:38,0
DA:41,0
DA:42,0
DA:46,0
DA:47,0
DA:53,0
DA:54,0
DA:55,0
DA:56,0
DA:57,0
DA:61,0
DA:62,0
DA:65,0
DA:66,0
DA:68,0
DA:78,0
DA:79,0
DA:80,0
DA:81,0
DA:83,0
DA:85,0
DA:86,0
DA:87,0
DA:89,0
DA:90,0
DA:97,0
DA:101,0
DA:102,0
DA:104,0
DA:105,0
DA:106,0
DA:107,0
DA:109,0
DA:110,0
DA:115,0
DA:118,0
DA:119,0
DA:123,0
DA:126,0
DA:127,0
DA:129,0
DA:132,0
DA:136,0
LF:57
LH:0
BRDA:29,0,0,0
BRDA:29,0,1,0
BRDA:33,1,0,0
BRDA:33,1,1,0
BRDA:33,2,0,0
BRDA:33,2,1,0
BRDA:38,3,0,0
BRDA:38,3,1,0
BRDA:42,4,0,0
BRDA:42,4,1,0
BRDA:55,5,0,0
BRDA:55,5,1,0
BRDA:57,6,0,0
BRDA:57,6,1,0
BRDA:57,7,0,0
BRDA:57,7,1,0
BRDA:65,8,0,0
BRDA:65,8,1,0
BRDA:80,9,0,0
BRDA:80,9,1,0
BRDA:81,10,0,0
BRDA:81,10,1,0
BRDA:86,11,0,0
BRDA:86,11,1,0
BRDA:87,12,0,0
BRDA:87,12,1,0
BRDA:87,13,0,0
BRDA:87,13,1,0
BRDA:89,14,0,0
BRDA:89,14,1,0
BRDA:90,15,0,0
BRDA:90,15,1,0
BRDA:101,16,0,0
BRDA:101,16,1,0
BRDA:102,17,0,0
BRDA:102,17,1,0
BRDA:104,18,0,0
BRDA:104,18,1,0
BRDA:105,19,0,0
BRDA:105,19,1,0
BRDA:109,20,0,0
BRDA:109,20,1,0
BRDA:115,21,0,0
BRDA:115,21,1,0
BRDA:123,22,0,0
BRDA:123,22,1,0
BRDA:127,23,0,0
BRDA:127,23,1,0
BRDA:132,24,0,0
BRDA:132,24,1,0
BRDA:133,25,0,0
BRDA:133,25,1,0
BRF:52
BRH:0
end_of_record
TN:
SF:src\app\dev\page.tsx
FN:30,DevPage
FN:74,(anonymous_5)
FNF:2
FNH:0
FNDA:0,DevPage
FNDA:0,(anonymous_5)
DA:1,0
DA:2,0
DA:3,0
DA:4,0
DA:5,0
DA:6,0
DA:7,0
DA:8,0
DA:9,0
DA:10,0
DA:12,0
DA:14,0
DA:16,0
DA:30,0
DA:31,0
DA:32,0
DA:34,0
DA:40,0
DA:42,0
DA:74,0
LF:20
LH:0
BRDA:32,0,0,0
BRDA:32,0,1,0
BRDA:40,1,0,0
BRDA:40,1,1,0
BRDA:42,2,0,0
BRDA:42,2,1,0
BRDA:42,3,0,0
BRDA:42,3,1,0
BRDA:57,4,0,0
BRDA:57,4,1,0
BRDA:62,5,0,0
BRDA:62,5,1,0
BRDA:64,6,0,0
BRDA:64,6,1,0
BRF:14
BRH:0
end_of_record
TN:
SF:src\app\dev\viewAsActions.ts
FN:9,(anonymous_3)
FN:19,startViewingAs
FN:24,(anonymous_5)
FN:50,stopViewingAs
FNF:4
FNH:0
FNDA:0,(anonymous_3)
FNDA:0,startViewingAs
FNDA:0,(anonymous_5)
FNDA:0,stopViewingAs
DA:3,0
DA:4,0
DA:5,0
DA:6,0
DA:9,0
DA:19,0
DA:20,0
DA:21,0
DA:23,0
DA:24,0
DA:26,0
DA:27,0
DA:28,0
DA:33,0
DA:42,0
DA:43,0
DA:50,0
DA:51,0
DA:52,0
DA:53,0
LF:20
LH:0
BRDA:21,0,0,0
BRDA:21,0,1,0
BRDA:26,1,0,0
BRDA:26,1,1,0
BRDA:27,2,0,0
BRDA:27,2,1,0
BRF:6
BRH:0
end_of_record
TN:
SF:src\app\leftovers\page.tsx
FN:12,LeftoversPage
FN:20,(anonymous_5)
FN:23,(anonymous_6)
FNF:3
FNH:0
FNDA:0,LeftoversPage
FNDA:0,(anonymous_5)
FNDA:0,(anonymous_6)
DA:1,0
DA:2,0
DA:3,0
DA:4,0
DA:5,0
DA:6,0
DA:7,0
DA:9,0
DA:10,0
DA:12,0
DA:13,0
DA:14,0
DA:16,0
DA:17,0
DA:20,0
DA:23,0
DA:25,0
LF:17
LH:0
BRDA:14,0,0,0
BRDA:14,0,1,0
BRDA:17,1,0,0
BRDA:17,1,1,0
BRDA:35,2,0,0
BRF:5
BRH:0
end_of_record
TN:
SF:src\app\login\LoginForm.tsx
FN:10,LoginForm
FNF:1
FNH:0
FNDA:0,LoginForm
DA:3,0
DA:4,0
DA:5,0
DA:6,0
DA:8,0
DA:10,0
DA:11,0
DA:13,0
LF:8
LH:0
BRDA:13,0,0,0
BRDA:13,0,1,0
BRDA:39,1,0,0
BRF:3
BRH:0
end_of_record
TN:
SF:src\app\login\actions.ts
FN:20,sendMagicLink
FNF:1
FNH:0
FNDA:0,sendMagicLink
DA:3,0
DA:4,0
DA:5,0
DA:20,0
DA:24,0
DA:25,0
DA:31,0
DA:32,0
DA:34,0
DA:35,0
DA:38,0
DA:39,0
DA:41,0
DA:48,0
DA:49,0
DA:52,0
LF:16
LH:0
BRDA:24,0,0,0
BRDA:24,0,1,0
BRDA:31,1,0,0
BRDA:31,1,1,0
BRDA:32,2,0,0
BRDA:32,2,1,0
BRDA:34,3,0,0
BRDA:34,3,1,0
BRDA:34,4,0,0
BRDA:34,4,1,0
BRDA:38,5,0,0
BRDA:38,5,1,0
BRDA:48,6,0,0
BRDA:48,6,1,0
BRF:14
BRH:0
end_of_record
TN:
SF:src\app\login\page.tsx
FN:7,LoginPage
FNF:1
FNH:0
FNDA:0,LoginPage
DA:1,0
DA:2,0
DA:3,0
DA:5,0
DA:7,0
DA:13,0
LF:6
LH:0
BRDA:13,0,0,0
BRDA:13,0,1,0
BRDA:15,1,0,0
BRDA:15,1,1,0
BRDA:34,2,0,0
BRDA:43,3,0,0
BRDA:43,3,1,0
BRF:7
BRH:0
end_of_record
TN:
SF:src\app\onboarding\actions.ts
FN:14,asWeekday
FN:25,createHouse
FN:65,(anonymous_10)
FN:84,joinHouse
FN:124,setRoomAndContinue
FN:161,signOut
FNF:6
FNH:0
FNDA:0,asWeekday
FNDA:0,createHouse
FNDA:0,(anonymous_10)
FNDA:0,joinHouse
FNDA:0,setRoomAndContinue
FNDA:0,signOut
DA:3,0
DA:4,0
DA:5,0
DA:6,0
DA:7,0
DA:15,0
DA:16,0
DA:25,0
DA:29,0
DA:30,0
DA:33,0
DA:34,0
DA:35,0
DA:38,0
DA:39,0
DA:41,0
DA:42,0
DA:49,0
DA:50,0
DA:54,0
DA:55,0
DA:56,0
DA:58,0
DA:64,0
DA:65,0
DA:66,0
DA:73,0
DA:74,0
DA:84,0
DA:88,0
DA:89,0
DA:92,0
DA:93,0
DA:94,0
DA:97,0
DA:98,0
DA:100,0
DA:101,0
DA:103,0
DA:104,0
DA:107,0
DA:108,0
DA:111,0
DA:112,0
DA:113,0
DA:117,0
DA:118,0
DA:124,0
DA:128,0
DA:129,0
DA:132,0
DA:133,0
DA:134,0
DA:137,0
DA:138,0
DA:141,0
DA:143,0
DA:144,0
DA:147,0
DA:148,0
DA:149,0
DA:150,0
DA:154,0
DA:157,0
DA:158,0
DA:161,0
DA:162,0
DA:163,0
DA:164,0
DA:166,0
DA:167,0
LF:71
LH:0
BRDA:15,0,0,0
BRDA:15,0,1,0
BRDA:16,1,0,0
BRDA:16,1,1,0
BRDA:29,2,0,0
BRDA:29,2,1,0
BRDA:33,3,0,0
BRDA:33,3,1,0
BRDA:34,4,0,0
BRDA:34,4,1,0
BRDA:34,5,0,0
BRDA:34,5,1,0
BRDA:38,6,0,0
BRDA:38,6,1,0
BRDA:39,7,0,0
BRDA:39,7,1,0
BRDA:49,8,0,0
BRDA:49,8,1,0
BRDA:56,9,0,0
BRDA:56,9,1,0
BRDA:64,10,0,0
BRDA:64,10,1,0
BRDA:88,11,0,0
BRDA:88,11,1,0
BRDA:92,12,0,0
BRDA:92,12,1,0
BRDA:93,13,0,0
BRDA:93,13,1,0
BRDA:100,14,0,0
BRDA:100,14,1,0
BRDA:103,15,0,0
BRDA:103,15,1,0
BRDA:107,16,0,0
BRDA:107,16,1,0
BRDA:108,17,0,0
BRDA:108,17,1,0
BRDA:112,18,0,0
BRDA:112,18,1,0
BRDA:128,19,0,0
BRDA:128,19,1,0
BRDA:132,20,0,0
BRDA:132,20,1,0
BRDA:133,21,0,0
BRDA:133,21,1,0
BRDA:143,22,0,0
BRDA:143,22,1,0
BRDA:147,23,0,0
BRDA:147,23,1,0
BRDA:149,24,0,0
BRDA:149,24,1,0
BRDA:162,25,0,0
BRDA:162,25,1,0
BRF:52
BRH:0
end_of_record
TN:
SF:src\app\onboarding\page.tsx
FN:25,OnboardingWelcomePage
FN:38,(anonymous_5)
FNF:2
FNH:0
FNDA:0,OnboardingWelcomePage
FNDA:0,(anonymous_5)
DA:1,0
DA:2,0
DA:3,0
DA:5,0
DA:7,0
DA:25,0
DA:39,0
LF:7
LH:0
BRF:0
BRH:0
end_of_record
TN:
SF:src\app\onboarding\create\CreateHouseForm.tsx
FN:13,CreateHouseForm
FN:26,(anonymous_2)
FN:38,(anonymous_3)
FNF:3
FNH:0
FNDA:0,CreateHouseForm
FNDA:0,(anonymous_2)
FNDA:0,(anonymous_3)
DA:3,0
DA:4,0
DA:5,0
DA:6,0
DA:8,0
DA:11,0
DA:13,0
DA:14,0
DA:27,0
DA:39,0
LF:10
LH:0
BRDA:62,0,0,0
BRF:1
BRH:0
end_of_record
TN:
SF:src\app\onboarding\create\page.tsx
FN:7,CreateHousePage
FNF:1
FNH:0
FNDA:0,CreateHousePage
DA:1,0
DA:2,0
DA:3,0
DA:5,0
DA:7,0
LF:5
LH:0
BRF:0
BRH:0
end_of_record
TN:
SF:src\app\onboarding\instructions\page.tsx
FN:21,InstructionsPage
FN:33,(anonymous_5)
FNF:2
FNH:0
FNDA:0,InstructionsPage
FNDA:0,(anonymous_5)
DA:1,0
DA:2,0
DA:4,0
DA:9,0
DA:21,0
DA:34,0
LF:6
LH:0
BRF:0
BRH:0
end_of_record
TN:
SF:src\app\onboarding\invite\page.tsx
FN:11,InvitePage
FNF:1
FNH:0
FNDA:0,InvitePage
DA:1,0
DA:2,0
DA:3,0
DA:4,0
DA:6,0
DA:9,0
DA:11,0
DA:12,0
LF:8
LH:0
BRF:0
BRH:0
end_of_record
TN:
SF:src\app\onboarding\join\JoinHouseForm.tsx
FN:12,JoinHouseForm
FNF:1
FNH:0
FNDA:0,JoinHouseForm
DA:3,0
DA:4,0
DA:5,0
DA:7,0
DA:10,0
DA:12,0
DA:13,0
LF:7
LH:0
BRDA:35,0,0,0
BRF:1
BRH:0
end_of_record
TN:
SF:src\app\onboarding\join\page.tsx
FN:7,JoinHousePage
FNF:1
FNH:0
FNDA:0,JoinHousePage
DA:1,0
DA:2,0
DA:3,0
DA:5,0
DA:7,0
LF:5
LH:0
BRDA:29,0,0,0
BRDA:29,0,1,0
BRF:2
BRH:0
end_of_record
TN:
SF:src\app\onboarding\room\RoomForm.tsx
FN:13,RoomForm
FNF:1
FNH:0
FNDA:0,RoomForm
DA:3,0
DA:4,0
DA:5,0
DA:6,0
DA:8,0
DA:11,0
DA:13,0
DA:14,0
LF:8
LH:0
BRDA:33,0,0,0
BRF:1
BRH:0
end_of_record
TN:
SF:src\app\onboarding\room\page.tsx
FN:7,RoomPage
FNF:1
FNH:0
FNDA:0,RoomPage
DA:1,0
DA:2,0
DA:3,0
DA:5,0
DA:7,0
LF:5
LH:0
BRF:0
BRH:0
end_of_record
TN:
SF:src\app\onboarding\signup\SignupForm.tsx
FN:16,SignupForm
FNF:1
FNH:0
FNDA:0,SignupForm
DA:3,0
DA:4,0
DA:5,0
DA:6,0
DA:8,0
DA:16,0
DA:17,0
DA:19,0
LF:8
LH:0
BRDA:19,0,0,0
BRDA:19,0,1,0
BRDA:43,1,0,0
BRF:3
BRH:0
end_of_record
TN:
SF:src\app\onboarding\signup\actions.ts
FN:19,sendSignupLink
FNF:1
FNH:0
FNDA:0,sendSignupLink
DA:3,0
DA:4,0
DA:5,0
DA:19,0
DA:23,0
DA:24,0
DA:30,0
DA:32,0
DA:33,0
DA:36,0
DA:37,0
DA:39,0
DA:46,0
DA:47,0
DA:50,0
LF:15
LH:0
BRDA:23,0,0,0
BRDA:23,0,1,0
BRDA:30,1,0,0
BRDA:30,1,1,0
BRDA:32,2,0,0
BRDA:32,2,1,0
BRDA:32,3,0,0
BRDA:32,3,1,0
BRDA:36,4,0,0
BRDA:36,4,1,0
BRDA:46,5,0,0
BRDA:46,5,1,0
BRF:12
BRH:0
end_of_record
TN:
SF:src\app\onboarding\signup\page.tsx
FN:14,SignupPage
FNF:1
FNH:0
FNDA:0,SignupPage
DA:1,0
DA:3,0
DA:14,0
LF:3
LH:0
BRF:0
BRH:0
end_of_record
TN:
SF:src\app\pantry\actions.ts
FN:13,(anonymous_4)
FN:16,markPantryItemUsedUp
FN:37,addPantryItemToBasket
FN:64,addPantryItem
FNF:4
FNH:0
FNDA:0,(anonymous_4)
FNDA:0,markPantryItemUsedUp
FNDA:0,addPantryItemToBasket
FNDA:0,addPantryItem
DA:3,0
DA:4,0
DA:5,0
DA:6,0
DA:13,0
DA:16,0
DA:17,0
DA:18,0
DA:20,0
DA:21,0
DA:27,0
DA:29,0
DA:30,0
DA:31,0
DA:33,0
DA:37,0
DA:38,0
DA:39,0
DA:41,0
DA:42,0
DA:48,0
DA:50,0
DA:51,0
DA:52,0
DA:54,0
DA:64,0
DA:68,0
DA:69,0
DA:71,0
DA:72,0
DA:73,0
DA:74,0
DA:76,0
DA:77,0
DA:78,0
DA:81,0
DA:85,0
DA:90,0
DA:91,0
DA:93,0
DA:95,0
DA:104,0
DA:106,0
DA:107,0
DA:108,0
DA:109,0
LF:46
LH:0
BRDA:18,0,0,0
BRDA:18,0,1,0
BRDA:27,1,0,0
BRDA:27,1,1,0
BRDA:39,2,0,0
BRDA:39,2,1,0
BRDA:48,3,0,0
BRDA:48,3,1,0
BRDA:69,4,0,0
BRDA:69,4,1,0
BRDA:71,5,0,0
BRDA:71,5,1,0
BRDA:72,6,0,0
BRDA:72,6,1,0
BRDA:73,7,0,0
BRDA:73,7,1,0
BRDA:73,8,0,0
BRDA:73,8,1,0
BRDA:74,9,0,0
BRDA:74,9,1,0
BRDA:76,10,0,0
BRDA:76,10,1,0
BRDA:77,11,0,0
BRDA:77,11,1,0
BRDA:77,12,0,0
BRDA:77,12,1,0
BRDA:90,13,0,0
BRDA:90,13,1,0
BRDA:101,14,0,0
BRDA:101,14,1,0
BRDA:104,15,0,0
BRDA:104,15,1,0
BRF:32
BRH:0
end_of_record
TN:
SF:src\app\pantry\leftoverActions.ts
FN:13,(anonymous_3)
FN:25,addLeftover
FN:78,clearLeftover
FNF:3
FNH:0
FNDA:0,(anonymous_3)
FNDA:0,addLeftover
FNDA:0,clearLeftover
DA:3,0
DA:4,0
DA:5,0
DA:12,0
DA:13,0
DA:16,0
DA:25,0
DA:29,0
DA:30,0
DA:32,0
DA:33,0
DA:34,0
DA:36,0
DA:37,0
DA:38,0
DA:41,0
DA:42,0
DA:44,0
DA:45,0
DA:46,0
DA:48,0
DA:49,0
DA:58,0
DA:60,0
DA:63,0
DA:66,0
DA:67,0
DA:68,0
DA:78,0
DA:82,0
DA:83,0
DA:85,0
DA:86,0
DA:88,0
DA:89,0
DA:95,0
DA:97,0
DA:98,0
DA:99,0
LF:39
LH:0
BRDA:30,0,0,0
BRDA:30,0,1,0
BRDA:32,1,0,0
BRDA:32,1,1,0
BRDA:33,2,0,0
BRDA:33,2,1,0
BRDA:34,3,0,0
BRDA:34,3,1,0
BRDA:36,4,0,0
BRDA:36,4,1,0
BRDA:37,5,0,0
BRDA:37,5,1,0
BRDA:37,6,0,0
BRDA:37,6,1,0
BRDA:37,6,2,0
BRDA:41,7,0,0
BRDA:41,7,1,0
BRDA:42,8,0,0
BRDA:42,8,1,0
BRDA:58,9,0,0
BRDA:58,9,1,0
BRDA:60,10,0,0
BRDA:60,10,1,0
BRDA:60,11,0,0
BRDA:60,11,1,0
BRDA:83,12,0,0
BRDA:83,12,1,0
BRDA:85,13,0,0
BRDA:85,13,1,0
BRDA:86,14,0,0
BRDA:86,14,1,0
BRDA:95,15,0,0
BRDA:95,15,1,0
BRF:33
BRH:0
end_of_record
TN:
SF:src\app\pantry\page.tsx
FN:24,PantrySection
FN:26,(anonymous_5)
FN:28,(anonymous_6)
FN:30,(anonymous_7)
FN:41,(anonymous_8)
FN:50,(anonymous_9)
FN:62,PantryPage
FN:70,(anonymous_11)
FN:71,(anonymous_12)
FN:72,(anonymous_13)
FNF:10
FNH:0
FNDA:0,PantrySection
FNDA:0,(anonymous_5)
FNDA:0,(anonymous_6)
FNDA:0,(anonymous_7)
FNDA:0,(anonymous_8)
FNDA:0,(anonymous_9)
FNDA:0,PantryPage
FNDA:0,(anonymous_11)
FNDA:0,(anonymous_12)
FNDA:0,(anonymous_13)
DA:1,0
DA:2,0
DA:3,0
DA:4,0
DA:5,0
DA:6,0
DA:8,0
DA:9,0
DA:10,0
DA:12,0
DA:15,0
DA:17,0
DA:25,0
DA:26,0
DA:28,0
DA:30,0
DA:42,0
DA:51,0
DA:62,0
DA:63,0
DA:70,0
DA:71,0
DA:72,0
DA:74,0
LF:24
LH:0
BRDA:36,0,0,0
BRDA:36,0,1,0
BRDA:71,1,0,0
BRDA:71,1,1,0
BRDA:74,2,0,0
BRDA:74,2,1,0
BRDA:98,3,0,0
BRDA:102,4,0,0
BRDA:102,4,1,0
BRF:9
BRH:0
end_of_record
TN:
SF:src\app\plan\actions.ts
FN:42,(anonymous_15)
FN:44,nextCutoff
FN:65,ensurePlanId
FN:97,asWeekday
FN:103,asMealType
FN:119,addMealToPlan
FN:207,leaveMeal
FN:251,saveConstraints
FN:259,(anonymous_23)
FN:287,reopenPlanning
FN:320,requireOrderedPlan
FN:347,setMealStatus
FN:397,bailFromMeal
FN:454,cookContext
FN:465,(anonymous_29)
FN:471,claimCook
FN:503,offerCook
FN:519,(anonymous_32)
FN:548,respondToCookOffer
FN:586,standDownAsCook
FN:629,setMealCapacity
FN:684,setGuests
FN:711,(anonymous_37)
FN:712,(anonymous_38)
FN:746,joinMeal
FN:774,(anonymous_40)
FN:817,removeFromMeal
FNF:27
FNH:0
FNDA:0,(anonymous_15)
FNDA:0,nextCutoff
FNDA:0,ensurePlanId
FNDA:0,asWeekday
FNDA:0,asMealType
FNDA:0,addMealToPlan
FNDA:0,leaveMeal
FNDA:0,saveConstraints
FNDA:0,(anonymous_23)
FNDA:0,reopenPlanning
FNDA:0,requireOrderedPlan
FNDA:0,setMealStatus
FNDA:0,bailFromMeal
FNDA:0,cookContext
FNDA:0,(anonymous_29)
FNDA:0,claimCook
FNDA:0,offerCook
FNDA:0,(anonymous_32)
FNDA:0,respondToCookOffer
FNDA:0,standDownAsCook
FNDA:0,setMealCapacity
FNDA:0,setGuests
FNDA:0,(anonymous_37)
FNDA:0,(anonymous_38)
FNDA:0,joinMeal
FNDA:0,(anonymous_40)
FNDA:0,removeFromMeal
DA:3,0
DA:10,0
DA:11,0
DA:12,0
DA:21,0
DA:31,0
DA:38,0
DA:41,0
DA:42,0
DA:45,0
DA:46,0
DA:47,0
DA:48,0
DA:49,0
DA:50,0
DA:51,0
DA:52,0
DA:53,0
DA:54,0
DA:66,0
DA:67,0
DA:69,0
DA:71,0
DA:82,0
DA:84,0
DA:91,0
DA:92,0
DA:94,0
DA:98,0
DA:99,0
DA:104,0
DA:105,0
DA:119,0
DA:123,0
DA:124,0
DA:126,0
DA:127,0
DA:128,0
DA:129,0
DA:130,0
DA:131,0
DA:133,0
DA:134,0
DA:135,0
DA:136,0
DA:138,0
DA:139,0
DA:144,0
DA:145,0
DA:148,0
DA:149,0
DA:151,0
DA:160,0
DA:162,0
DA:163,0
DA:175,0
DA:176,0
DA:178,0
DA:181,0
DA:184,0
DA:187,0
DA:193,0
DA:198,0
DA:199,0
DA:200,0
DA:207,0
DA:211,0
DA:212,0
DA:213,0
DA:215,0
DA:216,0
DA:217,0
DA:218,0
DA:220,0
DA:221,0
DA:224,0
DA:225,0
DA:230,0
DA:232,0
DA:238,0
DA:239,0
DA:240,0
DA:242,0
DA:245,0
DA:246,0
DA:247,0
DA:251,0
DA:255,0
DA:257,0
DA:259,0
DA:262,0
DA:263,0
DA:268,0
DA:270,0
DA:271,0
DA:272,0
DA:287,0
DA:288,0
DA:289,0
DA:291,0
DA:292,0
DA:293,0
DA:295,0
DA:296,0
DA:302,0
DA:304,0
DA:305,0
DA:306,0
DA:307,0
DA:323,0
DA:324,0
DA:325,0
DA:326,0
DA:331,0
DA:347,0
DA:351,0
DA:352,0
DA:353,0
DA:354,0
DA:355,0
DA:357,0
DA:358,0
DA:360,0
DA:361,0
DA:364,0
DA:365,0
DA:368,0
DA:369,0
DA:375,0
DA:377,0
DA:380,0
DA:383,0
DA:384,0
DA:385,0
DA:386,0
DA:397,0
DA:401,0
DA:402,0
DA:403,0
DA:404,0
DA:406,0
DA:407,0
DA:409,0
DA:410,0
DA:416,0
DA:418,0
DA:421,0
DA:424,0
DA:425,0
DA:426,0
DA:455,0
DA:456,0
DA:457,0
DA:458,0
DA:459,0
DA:461,0
DA:462,0
DA:464,0
DA:465,0
DA:467,0
DA:471,0
DA:475,0
DA:476,0
DA:478,0
DA:479,0
DA:480,0
DA:482,0
DA:483,0
DA:484,0
DA:487,0
DA:488,0
DA:492,0
DA:494,0
DA:495,0
DA:496,0
DA:503,0
DA:507,0
DA:508,0
DA:509,0
DA:511,0
DA:512,0
DA:513,0
DA:515,0
DA:516,0
DA:518,0
DA:519,0
DA:520,0
DA:523,0
DA:524,0
DA:528,0
DA:530,0
DA:533,0
DA:536,0
DA:537,0
DA:538,0
DA:548,0
DA:552,0
DA:553,0
DA:554,0
DA:556,0
DA:557,0
DA:558,0
DA:560,0
DA:561,0
DA:564,0
DA:565,0
DA:573,0
DA:575,0
DA:576,0
DA:577,0
DA:586,0
DA:590,0
DA:591,0
DA:593,0
DA:594,0
DA:595,0
DA:597,0
DA:598,0
DA:601,0
DA:602,0
DA:606,0
DA:608,0
DA:609,0
DA:610,0
DA:629,0
DA:633,0
DA:634,0
DA:635,0
DA:637,0
DA:638,0
DA:639,0
DA:640,0
DA:643,0
DA:644,0
DA:645,0
DA:646,0
DA:647,0
DA:649,0
DA:650,0
DA:653,0
DA:654,0
DA:660,0
DA:662,0
DA:665,0
DA:668,0
DA:669,0
DA:670,0
DA:684,0
DA:688,0
DA:689,0
DA:690,0
DA:694,0
DA:695,0
DA:696,0
DA:699,0
DA:701,0
DA:702,0
DA:703,0
DA:704,0
DA:708,0
DA:709,0
DA:710,0
DA:711,0
DA:712,0
DA:713,0
DA:714,0
DA:718,0
DA:719,0
DA:725,0
DA:727,0
DA:730,0
DA:733,0
DA:734,0
DA:735,0
DA:746,0
DA:750,0
DA:751,0
DA:752,0
DA:756,0
DA:757,0
DA:758,0
DA:759,0
DA:761,0
DA:762,0
DA:764,0
DA:768,0
DA:769,0
DA:773,0
DA:774,0
DA:777,0
DA:778,0
DA:783,0
DA:784,0
DA:787,0
DA:789,0
DA:795,0
DA:800,0
DA:801,0
DA:802,0
DA:817,0
DA:821,0
DA:822,0
DA:823,0
DA:824,0
DA:825,0
DA:827,0
DA:828,0
DA:830,0
DA:831,0
DA:833,0
DA:834,0
DA:839,0
DA:840,0
DA:845,0
DA:848,0
DA:849,0
DA:852,0
DA:858,0
DA:863,0
DA:864,0
DA:865,0
LF:321
LH:0
BRDA:49,0,0,0
BRDA:49,0,1,0
BRDA:49,1,0,0
BRDA:49,1,1,0
BRDA:52,2,0,0
BRDA:52,2,1,0
BRDA:52,3,0,0
BRDA:52,3,1,0
BRDA:65,4,0,0
BRDA:67,5,0,0
BRDA:67,5,1,0
BRDA:82,6,0,0
BRDA:82,6,1,0
BRDA:91,7,0,0
BRDA:91,7,1,0
BRDA:92,8,0,0
BRDA:92,8,1,0
BRDA:98,9,0,0
BRDA:98,9,1,0
BRDA:99,10,0,0
BRDA:99,10,1,0
BRDA:104,11,0,0
BRDA:104,11,1,0
BRDA:105,12,0,0
BRDA:105,12,1,0
BRDA:124,13,0,0
BRDA:124,13,1,0
BRDA:128,14,0,0
BRDA:128,14,1,0
BRDA:129,15,0,0
BRDA:129,15,1,0
BRDA:130,16,0,0
BRDA:130,16,1,0
BRDA:131,17,0,0
BRDA:131,17,1,0
BRDA:135,18,0,0
BRDA:135,18,1,0
BRDA:135,19,0,0
BRDA:135,19,1,0
BRDA:135,19,2,0
BRDA:138,20,0,0
BRDA:138,20,1,0
BRDA:138,21,0,0
BRDA:138,21,1,0
BRDA:138,21,2,0
BRDA:144,22,0,0
BRDA:144,22,1,0
BRDA:162,23,0,0
BRDA:162,23,1,0
BRDA:175,24,0,0
BRDA:175,24,1,0
BRDA:175,25,0,0
BRDA:175,25,1,0
BRDA:176,26,0,0
BRDA:176,26,1,0
BRDA:184,27,0,0
BRDA:184,27,1,0
BRDA:195,28,0,0
BRDA:195,28,1,0
BRDA:212,29,0,0
BRDA:212,29,1,0
BRDA:213,30,0,0
BRDA:213,30,1,0
BRDA:216,31,0,0
BRDA:216,31,1,0
BRDA:217,32,0,0
BRDA:217,32,1,0
BRDA:220,33,0,0
BRDA:220,33,1,0
BRDA:220,34,0,0
BRDA:220,34,1,0
BRDA:230,35,0,0
BRDA:230,35,1,0
BRDA:238,36,0,0
BRDA:238,36,1,0
BRDA:239,37,0,0
BRDA:239,37,1,0
BRDA:268,38,0,0
BRDA:268,38,1,0
BRDA:289,39,0,0
BRDA:289,39,1,0
BRDA:292,40,0,0
BRDA:292,40,1,0
BRDA:293,41,0,0
BRDA:293,41,1,0
BRDA:302,42,0,0
BRDA:302,42,1,0
BRDA:324,43,0,0
BRDA:324,43,1,0
BRDA:325,44,0,0
BRDA:325,44,1,0
BRDA:325,45,0,0
BRDA:325,45,1,0
BRDA:352,46,0,0
BRDA:352,46,1,0
BRDA:353,47,0,0
BRDA:353,47,1,0
BRDA:354,48,0,0
BRDA:354,48,1,0
BRDA:355,49,0,0
BRDA:355,49,1,0
BRDA:358,50,0,0
BRDA:358,50,1,0
BRDA:361,51,0,0
BRDA:361,51,1,0
BRDA:364,52,0,0
BRDA:364,52,1,0
BRDA:364,53,0,0
BRDA:364,53,1,0
BRDA:375,54,0,0
BRDA:375,54,1,0
BRDA:377,55,0,0
BRDA:377,55,1,0
BRDA:402,56,0,0
BRDA:402,56,1,0
BRDA:403,57,0,0
BRDA:403,57,1,0
BRDA:404,58,0,0
BRDA:404,58,1,0
BRDA:407,59,0,0
BRDA:407,59,1,0
BRDA:416,60,0,0
BRDA:416,60,1,0
BRDA:418,61,0,0
BRDA:418,61,1,0
BRDA:457,62,0,0
BRDA:457,62,1,0
BRDA:458,63,0,0
BRDA:458,63,1,0
BRDA:461,64,0,0
BRDA:461,64,1,0
BRDA:461,65,0,0
BRDA:461,65,1,0
BRDA:475,66,0,0
BRDA:475,66,1,0
BRDA:476,67,0,0
BRDA:476,67,1,0
BRDA:479,68,0,0
BRDA:479,68,1,0
BRDA:482,69,0,0
BRDA:482,69,1,0
BRDA:483,70,0,0
BRDA:483,70,1,0
BRDA:492,71,0,0
BRDA:492,71,1,0
BRDA:507,72,0,0
BRDA:507,72,1,0
BRDA:508,73,0,0
BRDA:508,73,1,0
BRDA:509,74,0,0
BRDA:509,74,1,0
BRDA:509,75,0,0
BRDA:509,75,1,0
BRDA:512,76,0,0
BRDA:512,76,1,0
BRDA:515,77,0,0
BRDA:515,77,1,0
BRDA:518,78,0,0
BRDA:518,78,1,0
BRDA:519,79,0,0
BRDA:519,79,1,0
BRDA:528,80,0,0
BRDA:528,80,1,0
BRDA:530,81,0,0
BRDA:530,81,1,0
BRDA:552,82,0,0
BRDA:552,82,1,0
BRDA:553,83,0,0
BRDA:553,83,1,0
BRDA:554,84,0,0
BRDA:554,84,1,0
BRDA:557,85,0,0
BRDA:557,85,1,0
BRDA:560,86,0,0
BRDA:560,86,1,0
BRDA:568,87,0,0
BRDA:568,87,1,0
BRDA:573,88,0,0
BRDA:573,88,1,0
BRDA:590,89,0,0
BRDA:590,89,1,0
BRDA:591,90,0,0
BRDA:591,90,1,0
BRDA:594,91,0,0
BRDA:594,91,1,0
BRDA:597,92,0,0
BRDA:597,92,1,0
BRDA:606,93,0,0
BRDA:606,93,1,0
BRDA:634,94,0,0
BRDA:634,94,1,0
BRDA:635,95,0,0
BRDA:635,95,1,0
BRDA:637,96,0,0
BRDA:637,96,1,0
BRDA:638,97,0,0
BRDA:638,97,1,0
BRDA:638,98,0,0
BRDA:638,98,1,0
BRDA:639,99,0,0
BRDA:639,99,1,0
BRDA:639,100,0,0
BRDA:639,100,1,0
BRDA:639,100,2,0
BRDA:639,100,3,0
BRDA:644,101,0,0
BRDA:644,101,1,0
BRDA:646,102,0,0
BRDA:646,102,1,0
BRDA:649,103,0,0
BRDA:649,103,1,0
BRDA:660,104,0,0
BRDA:660,104,1,0
BRDA:662,105,0,0
BRDA:662,105,1,0
BRDA:689,106,0,0
BRDA:689,106,1,0
BRDA:690,107,0,0
BRDA:690,107,1,0
BRDA:694,108,0,0
BRDA:694,108,1,0
BRDA:694,108,2,0
BRDA:695,109,0,0
BRDA:695,109,1,0
BRDA:695,110,0,0
BRDA:695,110,1,0
BRDA:695,110,2,0
BRDA:699,111,0,0
BRDA:699,111,1,0
BRDA:699,111,2,0
BRDA:702,112,0,0
BRDA:702,112,1,0
BRDA:703,113,0,0
BRDA:703,113,1,0
BRDA:709,114,0,0
BRDA:709,114,1,0
BRDA:712,115,0,0
BRDA:712,115,1,0
BRDA:713,116,0,0
BRDA:713,116,1,0
BRDA:725,117,0,0
BRDA:725,117,1,0
BRDA:727,118,0,0
BRDA:727,118,1,0
BRDA:751,119,0,0
BRDA:751,119,1,0
BRDA:752,120,0,0
BRDA:752,120,1,0
BRDA:757,121,0,0
BRDA:757,121,1,0
BRDA:758,122,0,0
BRDA:758,122,1,0
BRDA:761,123,0,0
BRDA:761,123,1,0
BRDA:761,124,0,0
BRDA:761,124,1,0
BRDA:768,125,0,0
BRDA:768,125,1,0
BRDA:774,126,0,0
BRDA:774,126,1,0
BRDA:777,127,0,0
BRDA:777,127,1,0
BRDA:777,128,0,0
BRDA:777,128,1,0
BRDA:787,129,0,0
BRDA:787,129,1,0
BRDA:797,130,0,0
BRDA:797,130,1,0
BRDA:822,131,0,0
BRDA:822,131,1,0
BRDA:823,132,0,0
BRDA:823,132,1,0
BRDA:824,133,0,0
BRDA:824,133,1,0
BRDA:824,134,0,0
BRDA:824,134,1,0
BRDA:825,135,0,0
BRDA:825,135,1,0
BRDA:828,136,0,0
BRDA:828,136,1,0
BRDA:830,137,0,0
BRDA:830,137,1,0
BRDA:833,138,0,0
BRDA:833,138,1,0
BRDA:845,139,0,0
BRDA:845,139,1,0
BRDA:848,140,0,0
BRDA:848,140,1,0
BRDA:860,141,0,0
BRDA:860,141,1,0
BRF:290
BRH:0
end_of_record
TN:
SF:src\app\plan\page.tsx
FN:42,PlanPage
FNF:1
FNH:0
FNDA:0,PlanPage
DA:1,0
DA:2,0
DA:3,0
DA:4,0
DA:5,0
DA:6,0
DA:7,0
DA:8,0
DA:9,0
DA:10,0
DA:11,0
DA:12,0
DA:13,0
DA:14,0
DA:21,0
DA:22,0
DA:24,0
DA:27,0
DA:42,0
DA:47,0
DA:48,0
DA:50,0
DA:52,0
DA:58,0
DA:60,0
DA:62,0
DA:71,0
DA:72,0
DA:82,0
LF:29
LH:0
BRDA:48,0,0,0
BRDA:48,0,1,0
BRDA:58,1,0,0
BRDA:58,1,1,0
BRDA:60,2,0,0
BRDA:60,2,1,0
BRDA:60,3,0,0
BRDA:60,3,1,0
BRDA:71,4,0,0
BRDA:71,4,1,0
BRDA:72,5,0,0
BRDA:72,5,1,0
BRDA:78,6,0,0
BRDA:78,6,1,0
BRDA:82,7,0,0
BRDA:82,7,1,0
BRDA:98,8,0,0
BRDA:98,8,1,0
BRDA:106,9,0,0
BRDA:111,10,0,0
BRDA:111,10,1,0
BRDA:123,11,0,0
BRDA:133,12,0,0
BRDA:133,12,1,0
BRDA:148,13,0,0
BRDA:159,14,0,0
BRDA:159,14,1,0
BRF:27
BRH:0
end_of_record
TN:
SF:src\app\recipes\actions.ts
FN:28,asCategory
FN:38,searchIngredients
FN:62,(anonymous_8)
FN:69,(anonymous_9)
FN:82,resolveIngredientIds
FN:100,createRecipe
FN:124,(anonymous_12)
FN:135,(anonymous_13)
FN:140,(anonymous_14)
FN:186,(anonymous_15)
FN:195,(anonymous_16)
FN:215,updateRecipe
FN:240,(anonymous_18)
FN:259,(anonymous_19)
FN:263,(anonymous_20)
FN:277,(anonymous_21)
FN:283,(anonymous_22)
FN:301,deleteRecipe
FN:348,importRecipeFromUrl
FNF:19
FNH:0
FNDA:0,asCategory
FNDA:0,searchIngredients
FNDA:0,(anonymous_8)
FNDA:0,(anonymous_9)
FNDA:0,resolveIngredientIds
FNDA:0,createRecipe
FNDA:0,(anonymous_12)
FNDA:0,(anonymous_13)
FNDA:0,(anonymous_14)
FNDA:0,(anonymous_15)
FNDA:0,(anonymous_16)
FNDA:0,updateRecipe
FNDA:0,(anonymous_18)
FNDA:0,(anonymous_19)
FNDA:0,(anonymous_20)
FNDA:0,(anonymous_21)
FNDA:0,(anonymous_22)
FNDA:0,deleteRecipe
FNDA:0,importRecipeFromUrl
DA:3,0
DA:4,0
DA:5,0
DA:6,0
DA:7,0
DA:8,0
DA:9,0
DA:10,0
DA:26,0
DA:29,0
DA:30,0
DA:38,0
DA:39,0
DA:41,0
DA:42,0
DA:47,0
DA:55,0
DA:56,0
DA:60,0
DA:61,0
DA:63,0
DA:64,0
DA:65,0
DA:66,0
DA:69,0
DA:87,0
DA:88,0
DA:89,0
DA:94,0
DA:95,0
DA:97,0
DA:100,0
DA:104,0
DA:105,0
DA:107,0
DA:108,0
DA:110,0
DA:111,0
DA:112,0
DA:113,0
DA:115,0
DA:116,0
DA:119,0
DA:121,0
DA:124,0
DA:126,0
DA:127,0
DA:133,0
DA:135,0
DA:138,0
DA:140,0
DA:143,0
DA:144,0
DA:149,0
DA:150,0
DA:151,0
DA:157,0
DA:158,0
DA:160,0
DA:163,0
DA:182,0
DA:183,0
DA:186,0
DA:195,0
DA:197,0
DA:198,0
DA:199,0
DA:202,0
DA:203,0
DA:204,0
DA:215,0
DA:219,0
DA:220,0
DA:222,0
DA:223,0
DA:225,0
DA:226,0
DA:228,0
DA:229,0
DA:230,0
DA:231,0
DA:233,0
DA:234,0
DA:237,0
DA:240,0
DA:242,0
DA:243,0
DA:246,0
DA:247,0
DA:249,0
DA:259,0
DA:263,0
DA:270,0
DA:272,0
DA:273,0
DA:275,0
DA:277,0
DA:283,0
DA:285,0
DA:286,0
DA:288,0
DA:289,0
DA:290,0
DA:291,0
DA:301,0
DA:302,0
DA:303,0
DA:305,0
DA:307,0
DA:313,0
DA:314,0
DA:320,0
DA:321,0
DA:327,0
DA:329,0
DA:330,0
DA:331,0
DA:348,0
DA:352,0
DA:353,0
DA:355,0
DA:356,0
DA:359,0
DA:360,0
DA:362,0
DA:368,0
DA:369,0
DA:371,0
DA:372,0
DA:376,0
DA:377,0
DA:387,0
DA:388,0
DA:390,0
DA:392,0
DA:393,0
DA:396,0
DA:397,0
DA:398,0
DA:404,0
DA:405,0
DA:411,0
LF:142
LH:0
BRDA:29,0,0,0
BRDA:29,0,1,0
BRDA:30,1,0,0
BRDA:30,1,1,0
BRDA:39,2,0,0
BRDA:39,2,1,0
BRDA:55,3,0,0
BRDA:55,3,1,0
BRDA:63,4,0,0
BRDA:63,4,1,0
BRDA:64,5,0,0
BRDA:64,5,1,0
BRDA:72,6,0,0
BRDA:72,6,1,0
BRDA:73,7,0,0
BRDA:73,7,1,0
BRDA:94,8,0,0
BRDA:94,8,1,0
BRDA:105,9,0,0
BRDA:105,9,1,0
BRDA:107,10,0,0
BRDA:107,10,1,0
BRDA:108,11,0,0
BRDA:108,11,1,0
BRDA:110,12,0,0
BRDA:110,12,1,0
BRDA:111,13,0,0
BRDA:111,13,1,0
BRDA:112,14,0,0
BRDA:112,14,1,0
BRDA:112,15,0,0
BRDA:112,15,1,0
BRDA:115,16,0,0
BRDA:115,16,1,0
BRDA:115,17,0,0
BRDA:115,17,1,0
BRDA:119,18,0,0
BRDA:119,18,1,0
BRDA:119,19,0,0
BRDA:119,19,1,0
BRDA:121,20,0,0
BRDA:121,20,1,0
BRDA:126,21,0,0
BRDA:126,21,1,0
BRDA:133,22,0,0
BRDA:133,22,1,0
BRDA:138,23,0,0
BRDA:138,23,1,0
BRDA:157,24,0,0
BRDA:157,24,1,0
BRDA:169,25,0,0
BRDA:169,25,1,0
BRDA:169,26,0,0
BRDA:169,26,1,0
BRDA:177,27,0,0
BRDA:177,27,1,0
BRDA:177,28,0,0
BRDA:177,28,1,0
BRDA:182,29,0,0
BRDA:182,29,1,0
BRDA:182,30,0,0
BRDA:182,30,1,0
BRDA:183,31,0,0
BRDA:183,31,1,0
BRDA:198,32,0,0
BRDA:198,32,1,0
BRDA:220,33,0,0
BRDA:220,33,1,0
BRDA:222,34,0,0
BRDA:222,34,1,0
BRDA:223,35,0,0
BRDA:223,35,1,0
BRDA:225,36,0,0
BRDA:225,36,1,0
BRDA:226,37,0,0
BRDA:226,37,1,0
BRDA:228,38,0,0
BRDA:228,38,1,0
BRDA:229,39,0,0
BRDA:229,39,1,0
BRDA:230,40,0,0
BRDA:230,40,1,0
BRDA:230,41,0,0
BRDA:230,41,1,0
BRDA:233,42,0,0
BRDA:233,42,1,0
BRDA:233,43,0,0
BRDA:233,43,1,0
BRDA:237,44,0,0
BRDA:237,44,1,0
BRDA:242,45,0,0
BRDA:242,45,1,0
BRDA:253,46,0,0
BRDA:253,46,1,0
BRDA:253,47,0,0
BRDA:253,47,1,0
BRDA:256,48,0,0
BRDA:256,48,1,0
BRDA:256,49,0,0
BRDA:256,49,1,0
BRDA:257,50,0,0
BRDA:257,50,1,0
BRDA:261,51,0,0
BRDA:261,51,1,0
BRDA:265,52,0,0
BRDA:265,52,1,0
BRDA:265,53,0,0
BRDA:265,53,1,0
BRDA:270,54,0,0
BRDA:270,54,1,0
BRDA:273,55,0,0
BRDA:273,55,1,0
BRDA:286,56,0,0
BRDA:286,56,1,0
BRDA:303,57,0,0
BRDA:303,57,1,0
BRDA:313,58,0,0
BRDA:313,58,1,0
BRDA:313,59,0,0
BRDA:313,59,1,0
BRDA:327,60,0,0
BRDA:327,60,1,0
BRDA:353,61,0,0
BRDA:353,61,1,0
BRDA:355,62,0,0
BRDA:355,62,1,0
BRDA:356,63,0,0
BRDA:356,63,1,0
BRDA:368,64,0,0
BRDA:368,64,1,0
BRDA:368,65,0,0
BRDA:368,65,1,0
BRDA:371,66,0,0
BRDA:371,66,1,0
BRDA:387,67,0,0
BRDA:387,67,1,0
BRDA:392,68,0,0
BRDA:392,68,1,0
BRDA:397,69,0,0
BRDA:397,69,1,0
BRDA:404,70,0,0
BRDA:404,70,1,0
BRDA:414,71,0,0
BRDA:414,71,1,0
BRDA:415,72,0,0
BRDA:415,72,1,0
BRDA:416,73,0,0
BRDA:416,73,1,0
BRF:148
BRH:0
end_of_record
TN:
SF:src\app\recipes\page.tsx
FN:27,RecipesPage
FN:47,(anonymous_5)
FNF:2
FNH:0
FNDA:0,RecipesPage
FNDA:0,(anonymous_5)
DA:1,0
DA:2,0
DA:3,0
DA:4,0
DA:5,0
DA:6,0
DA:7,0
DA:8,0
DA:9,0
DA:10,0
DA:12,0
DA:13,0
DA:27,0
DA:32,0
DA:33,0
DA:35,0
DA:37,0
DA:38,0
DA:42,0
DA:45,0
DA:46,0
DA:47,0
DA:52,0
LF:23
LH:0
BRDA:33,0,0,0
BRDA:33,0,1,0
BRDA:37,1,0,0
BRDA:37,1,1,0
BRDA:38,2,0,0
BRDA:38,2,1,0
BRDA:45,3,0,0
BRDA:45,3,1,0
BRDA:46,4,0,0
BRDA:46,4,1,0
BRDA:52,5,0,0
BRDA:52,5,1,0
BRDA:52,6,0,0
BRDA:52,6,1,0
BRDA:52,6,2,0
BRDA:59,7,0,0
BRDA:59,7,1,0
BRDA:60,8,0,0
BRDA:60,8,1,0
BRDA:70,9,0,0
BRDA:71,10,0,0
BRDA:71,10,1,0
BRDA:77,11,0,0
BRF:23
BRH:0
end_of_record
TN:
SF:src\app\recipes\[id]\page.tsx
FN:14,generateMetadata
FN:19,RecipePage
FN:46,(anonymous_7)
FNF:3
FNH:0
FNDA:0,generateMetadata
FNDA:0,RecipePage
FNDA:0,(anonymous_7)
DA:1,0
DA:2,0
DA:3,0
DA:4,0
DA:5,0
DA:6,0
DA:7,0
DA:8,0
DA:12,0
DA:14,0
DA:15,0
DA:16,0
DA:19,0
DA:20,0
DA:21,0
DA:47,0
LF:16
LH:0
BRDA:16,0,0,0
BRDA:16,0,1,0
BRDA:21,1,0,0
BRDA:21,1,1,0
BRF:4
BRH:0
end_of_record
TN:
SF:src\app\recipes\[id]\edit\page.tsx
FN:14,EditRecipePage
FN:43,(anonymous_6)
FNF:2
FNH:0
FNDA:0,EditRecipePage
FNDA:0,(anonymous_6)
DA:1,0
DA:2,0
DA:3,0
DA:4,0
DA:5,0
DA:6,0
DA:7,0
DA:8,0
DA:9,0
DA:11,0
DA:12,0
DA:14,0
DA:15,0
DA:16,0
DA:43,0
LF:15
LH:0
BRDA:16,0,0,0
BRDA:16,0,1,0
BRDA:39,1,0,0
BRDA:39,1,1,0
BRDA:47,2,0,0
BRDA:47,2,1,0
BRDA:48,3,0,0
BRDA:48,3,1,0
BRF:8
BRH:0
end_of_record
TN:
SF:src\app\recipes\new\RecipeForm.tsx
FN:16,SubmitButton
FN:45,RecipeForm
FN:58,(anonymous_3)
FN:59,(anonymous_4)
FN:60,(anonymous_5)
FN:63,(anonymous_6)
FN:65,(anonymous_7)
FN:79,(anonymous_8)
FN:101,(anonymous_9)
FN:103,(anonymous_10)
FN:121,(anonymous_11)
FN:123,(anonymous_12)
FN:174,(anonymous_13)
FN:187,(anonymous_14)
FN:201,(anonymous_15)
FNF:15
FNH:0
FNDA:0,SubmitButton
FNDA:0,RecipeForm
FNDA:0,(anonymous_3)
FNDA:0,(anonymous_4)
FNDA:0,(anonymous_5)
FNDA:0,(anonymous_6)
FNDA:0,(anonymous_7)
FNDA:0,(anonymous_8)
FNDA:0,(anonymous_9)
FNDA:0,(anonymous_10)
FNDA:0,(anonymous_11)
FNDA:0,(anonymous_12)
FNDA:0,(anonymous_13)
FNDA:0,(anonymous_14)
FNDA:0,(anonymous_15)
DA:3,0
DA:4,0
DA:5,0
DA:6,0
DA:7,0
DA:8,0
DA:9,0
DA:11,0
DA:14,0
DA:45,0
DA:49,0
DA:50,0
DA:51,0
DA:52,0
DA:53,0
DA:54,0
DA:57,0
DA:58,0
DA:59,0
DA:60,0
DA:63,0
DA:64,0
DA:65,0
DA:80,0
DA:102,0
DA:103,0
DA:104,0
DA:105,0
DA:122,0
DA:123,0
DA:124,0
DA:125,0
DA:174,0
DA:188,0
DA:201,0
LF:35
LH:0
BRDA:50,0,0,0
BRDA:50,0,1,0
BRDA:51,1,0,0
BRDA:51,1,1,0
BRDA:52,2,0,0
BRDA:52,2,1,0
BRDA:53,3,0,0
BRDA:53,3,1,0
BRDA:59,4,0,0
BRDA:59,4,1,0
BRDA:65,5,0,0
BRDA:65,5,1,0
BRDA:70,6,0,0
BRDA:72,7,0,0
BRDA:72,7,1,0
BRDA:76,8,0,0
BRDA:76,8,1,0
BRDA:90,9,0,0
BRDA:90,9,1,0
BRDA:110,10,0,0
BRDA:130,11,0,0
BRDA:142,12,0,0
BRDA:142,12,1,0
BRDA:181,13,0,0
BRDA:181,13,1,0
BRDA:184,14,0,0
BRDA:184,14,1,0
BRDA:199,15,0,0
BRDA:214,16,0,0
BRDA:214,16,1,0
BRDA:222,17,0,0
BRDA:222,17,1,0
BRDA:227,18,0,0
BRDA:227,18,1,0
BRDA:235,19,0,0
BRDA:235,19,1,0
BRDA:241,20,0,0
BRDA:247,21,0,0
BRDA:247,21,1,0
BRF:39
BRH:0
end_of_record
TN:
SF:src\app\recipes\new\page.tsx
FN:9,NewRecipePage
FNF:1
FNH:0
FNDA:0,NewRecipePage
DA:1,0
DA:2,0
DA:3,0
DA:4,0
DA:5,0
DA:7,0
DA:9,0
DA:17,0
LF:8
LH:0
BRDA:22,0,0,0
BRDA:22,0,1,0
BRDA:23,1,0,0
BRDA:23,1,1,0
BRDA:24,2,0,0
BRDA:24,2,1,0
BRDA:42,3,0,0
BRDA:42,3,1,0
BRF:8
BRH:0
end_of_record
TN:
SF:src\app\settings\actions.ts
FN:8,updateFulfillmentSettings
FN:48,updateSlotPreference
FN:52,(anonymous_7)
FN:118,updateCutoff
FN:147,updateCollector
FNF:5
FNH:0
FNDA:0,updateFulfillmentSettings
FNDA:0,updateSlotPreference
FNDA:0,(anonymous_7)
FNDA:0,updateCutoff
FNDA:0,updateCollector
DA:3,0
DA:4,0
DA:5,0
DA:6,0
DA:8,0
DA:13,0
DA:14,0
DA:16,0
DA:17,0
DA:26,0
DA:27,0
DA:28,0
DA:33,0
DA:36,0
DA:37,0
DA:38,0
DA:48,0
DA:49,0
DA:50,0
DA:52,0
DA:53,0
DA:54,0
DA:57,0
DA:58,0
DA:59,0
DA:60,0
DA:62,0
DA:63,0
DA:65,0
DA:66,0
DA:69,0
DA:70,0
DA:75,0
DA:76,0
DA:79,0
DA:80,0
DA:90,0
DA:92,0
DA:95,0
DA:98,0
DA:99,0
DA:100,0
DA:118,0
DA:119,0
DA:120,0
DA:122,0
DA:123,0
DA:125,0
DA:126,0
DA:128,0
DA:129,0
DA:132,0
DA:133,0
DA:138,0
DA:140,0
DA:141,0
DA:142,0
DA:143,0
DA:147,0
DA:148,0
DA:149,0
DA:151,0
DA:152,0
DA:154,0
DA:155,0
DA:160,0
DA:162,0
DA:163,0
DA:164,0
DA:165,0
LF:70
LH:0
BRDA:14,0,0,0
BRDA:14,0,1,0
BRDA:22,1,0,0
BRDA:22,1,1,0
BRDA:26,2,0,0
BRDA:26,2,1,0
BRDA:27,3,0,0
BRDA:27,3,1,0
BRDA:50,4,0,0
BRDA:50,4,1,0
BRDA:53,5,0,0
BRDA:53,5,1,0
BRDA:54,6,0,0
BRDA:54,6,1,0
BRDA:62,7,0,0
BRDA:62,7,1,0
BRDA:62,8,0,0
BRDA:62,8,1,0
BRDA:62,8,2,0
BRDA:65,9,0,0
BRDA:65,9,1,0
BRDA:65,10,0,0
BRDA:65,10,1,0
BRDA:69,11,0,0
BRDA:69,11,1,0
BRDA:75,12,0,0
BRDA:75,12,1,0
BRDA:75,13,0,0
BRDA:75,13,1,0
BRDA:75,13,2,0
BRDA:90,14,0,0
BRDA:90,14,1,0
BRDA:92,15,0,0
BRDA:92,15,1,0
BRDA:103,16,0,0
BRDA:103,16,1,0
BRDA:103,17,0,0
BRDA:103,17,1,0
BRDA:103,17,2,0
BRDA:120,18,0,0
BRDA:120,18,1,0
BRDA:122,19,0,0
BRDA:122,19,1,0
BRDA:123,20,0,0
BRDA:123,20,1,0
BRDA:125,21,0,0
BRDA:125,21,1,0
BRDA:128,22,0,0
BRDA:128,22,1,0
BRDA:138,23,0,0
BRDA:138,23,1,0
BRDA:149,24,0,0
BRDA:149,24,1,0
BRDA:151,25,0,0
BRDA:151,25,1,0
BRDA:152,26,0,0
BRDA:152,26,1,0
BRDA:160,27,0,0
BRDA:160,27,1,0
BRF:59
BRH:0
end_of_record
TN:
SF:src\app\settings\page.tsx
FN:20,SettingsPage
FN:36,(anonymous_5)
FNF:2
FNH:0
FNDA:0,SettingsPage
FNDA:0,(anonymous_5)
DA:1,0
DA:2,0
DA:3,0
DA:4,0
DA:5,0
DA:6,0
DA:7,0
DA:8,0
DA:9,0
DA:10,0
DA:11,0
DA:12,0
DA:13,0
DA:15,0
DA:18,0
DA:20,0
DA:21,0
DA:37,0
LF:18
LH:0
BRDA:42,0,0,0
BRDA:42,0,1,0
BRDA:43,1,0,0
BRDA:43,1,1,0
BRDA:48,2,0,0
BRDA:49,3,0,0
BRDA:79,4,0,0
BRDA:79,4,1,0
BRF:8
BRH:0
end_of_record
TN:
SF:src\app\settings\seedActions.ts
FN:25,(anonymous_5)
FN:42,clearDemoData
FN:99,seedDemoData
FN:138,(anonymous_8)
FN:182,(anonymous_9)
FN:234,(anonymous_10)
FN:235,(anonymous_11)
FN:261,(anonymous_12)
FN:278,(anonymous_13)
FN:368,(anonymous_14)
FN:370,(anonymous_15)
FN:388,(anonymous_16)
FN:394,removeDemoHousemates
FN:424,simulateOrderPlaced
FNF:14
FNH:0
FNDA:0,(anonymous_5)
FNDA:0,clearDemoData
FNDA:0,seedDemoData
FNDA:0,(anonymous_8)
FNDA:0,(anonymous_9)
FNDA:0,(anonymous_10)
FNDA:0,(anonymous_11)
FNDA:0,(anonymous_12)
FNDA:0,(anonymous_13)
FNDA:0,(anonymous_14)
FNDA:0,(anonymous_15)
FNDA:0,(anonymous_16)
FNDA:0,removeDemoHousemates
FNDA:0,simulateOrderPlaced
DA:3,0
DA:4,0
DA:5,0
DA:6,0
DA:7,0
DA:8,0
DA:9,0
DA:18,0
DA:25,0
DA:42,0
DA:43,0
DA:44,0
DA:46,0
DA:50,0
DA:51,0
DA:53,0
DA:54,0
DA:56,0
DA:57,0
DA:61,0
DA:62,0
DA:63,0
DA:66,0
DA:67,0
DA:68,0
DA:69,0
DA:73,0
DA:74,0
DA:76,0
DA:78,0
DA:99,0
DA:100,0
DA:101,0
DA:103,0
DA:104,0
DA:106,0
DA:111,0
DA:115,0
DA:116,0
DA:125,0
DA:130,0
DA:134,0
DA:135,0
DA:136,0
DA:138,0
DA:144,0
DA:145,0
DA:147,0
DA:148,0
DA:150,0
DA:151,0
DA:156,0
DA:157,0
DA:160,0
DA:180,0
DA:182,0
DA:188,0
DA:189,0
DA:191,0
DA:192,0
DA:198,0
DA:199,0
DA:200,0
DA:201,0
DA:203,0
DA:218,0
DA:220,0
DA:221,0
DA:224,0
DA:226,0
DA:227,0
DA:228,0
DA:229,0
DA:230,0
DA:233,0
DA:234,0
DA:235,0
DA:237,0
DA:238,0
DA:239,0
DA:242,0
DA:256,0
DA:258,0
DA:260,0
DA:261,0
DA:270,0
DA:273,0
DA:274,0
DA:276,0
DA:278,0
DA:279,0
DA:281,0
DA:282,0
DA:289,0
DA:290,0
DA:291,0
DA:296,0
DA:298,0
DA:306,0
DA:313,0
DA:314,0
DA:315,0
DA:320,0
DA:321,0
DA:323,0
DA:328,0
DA:335,0
DA:336,0
DA:337,0
DA:338,0
DA:339,0
DA:341,0
DA:351,0
DA:352,0
DA:364,0
DA:368,0
DA:369,0
DA:370,0
DA:379,0
DA:381,0
DA:383,0
DA:388,0
DA:394,0
DA:395,0
DA:396,0
DA:398,0
DA:399,0
DA:401,0
DA:403,0
DA:404,0
DA:405,0
DA:424,0
DA:425,0
DA:426,0
DA:428,0
DA:429,0
DA:437,0
DA:438,0
DA:440,0
DA:445,0
DA:447,0
DA:448,0
LF:142
LH:0
BRDA:44,0,0,0
BRDA:44,0,1,0
BRDA:51,1,0,0
BRDA:51,1,1,0
BRDA:54,2,0,0
BRDA:54,2,1,0
BRDA:57,3,0,0
BRDA:57,3,1,0
BRDA:62,4,0,0
BRDA:62,4,1,0
BRDA:62,5,0,0
BRDA:62,5,1,0
BRDA:62,5,2,0
BRDA:68,6,0,0
BRDA:68,6,1,0
BRDA:68,7,0,0
BRDA:68,7,1,0
BRDA:68,7,2,0
BRDA:74,8,0,0
BRDA:74,8,1,0
BRDA:81,9,0,0
BRDA:81,9,1,0
BRDA:81,10,0,0
BRDA:81,10,1,0
BRDA:82,11,0,0
BRDA:82,11,1,0
BRDA:82,12,0,0
BRDA:82,12,1,0
BRDA:101,13,0,0
BRDA:101,13,1,0
BRDA:104,14,0,0
BRDA:104,14,1,0
BRDA:115,15,0,0
BRDA:115,15,1,0
BRDA:118,16,0,0
BRDA:118,16,1,0
BRDA:130,17,0,0
BRDA:130,17,1,0
BRDA:135,18,0,0
BRDA:135,18,1,0
BRDA:138,19,0,0
BRDA:138,19,1,0
BRDA:156,20,0,0
BRDA:156,20,1,0
BRDA:180,21,0,0
BRDA:180,21,1,0
BRDA:189,22,0,0
BRDA:189,22,1,0
BRDA:200,23,0,0
BRDA:200,23,1,0
BRDA:218,24,0,0
BRDA:218,24,1,0
BRDA:228,25,0,0
BRDA:228,25,1,0
BRDA:237,26,0,0
BRDA:237,26,1,0
BRDA:256,27,0,0
BRDA:256,27,1,0
BRDA:258,28,0,0
BRDA:258,28,1,0
BRDA:264,29,0,0
BRDA:264,29,1,0
BRDA:264,30,0,0
BRDA:264,30,1,0
BRDA:270,31,0,0
BRDA:270,31,1,0
BRDA:273,32,0,0
BRDA:273,32,1,0
BRDA:279,33,0,0
BRDA:279,33,1,0
BRDA:296,34,0,0
BRDA:296,34,1,0
BRDA:304,35,0,0
BRDA:304,35,1,0
BRDA:306,36,0,0
BRDA:306,36,1,0
BRDA:320,37,0,0
BRDA:320,37,1,0
BRDA:328,38,0,0
BRDA:328,38,1,0
BRDA:364,39,0,0
BRDA:364,39,1,0
BRDA:364,40,0,0
BRDA:364,40,1,0
BRDA:381,41,0,0
BRDA:381,41,1,0
BRDA:396,42,0,0
BRDA:396,42,1,0
BRDA:401,43,0,0
BRDA:401,43,1,0
BRDA:407,44,0,0
BRDA:407,44,1,0
BRDA:407,45,0,0
BRDA:407,45,1,0
BRDA:426,46,0,0
BRDA:426,46,1,0
BRDA:437,47,0,0
BRDA:437,47,1,0
BRDA:438,48,0,0
BRDA:438,48,1,0
BRDA:442,49,0,0
BRDA:442,49,1,0
BRDA:445,50,0,0
BRDA:445,50,1,0
BRDA:450,51,0,0
BRDA:450,51,1,0
BRF:106
BRH:0
end_of_record
TN:
SF:src\app\settings\stapleActions.ts
FN:16,(anonymous_5)
FN:21,isMissingTable
FN:37,addStaple
FN:78,updateStapleFrequency
FN:105,removeStaple
FN:138,updateSharedStaples
FNF:6
FNH:0
FNDA:0,(anonymous_5)
FNDA:0,isMissingTable
FNDA:0,addStaple
FNDA:0,updateStapleFrequency
FNDA:0,removeStaple
FNDA:0,updateSharedStaples
DA:3,0
DA:4,0
DA:5,0
DA:6,0
DA:7,0
DA:15,0
DA:16,0
DA:19,0
DA:22,0
DA:37,0
DA:41,0
DA:42,0
DA:44,0
DA:45,0
DA:47,0
DA:50,0
DA:51,0
DA:53,0
DA:55,0
DA:60,0
DA:61,0
DA:63,0
DA:67,0
DA:68,0
DA:69,0
DA:72,0
DA:73,0
DA:74,0
DA:78,0
DA:82,0
DA:83,0
DA:85,0
DA:86,0
DA:87,0
DA:88,0
DA:90,0
DA:91,0
DA:97,0
DA:99,0
DA:100,0
DA:101,0
DA:105,0
DA:109,0
DA:110,0
DA:112,0
DA:113,0
DA:115,0
DA:116,0
DA:122,0
DA:124,0
DA:125,0
DA:126,0
DA:138,0
DA:142,0
DA:143,0
DA:145,0
DA:147,0
DA:148,0
DA:153,0
DA:155,0
DA:156,0
DA:157,0
DA:158,0
LF:63
LH:0
BRDA:22,0,0,0
BRDA:22,0,1,0
BRDA:42,1,0,0
BRDA:42,1,1,0
BRDA:44,2,0,0
BRDA:44,2,1,0
BRDA:45,3,0,0
BRDA:45,3,1,0
BRDA:47,4,0,0
BRDA:47,4,1,0
BRDA:50,5,0,0
BRDA:50,5,1,0
BRDA:51,6,0,0
BRDA:51,6,1,0
BRDA:60,7,0,0
BRDA:60,7,1,0
BRDA:67,8,0,0
BRDA:67,8,1,0
BRDA:68,9,0,0
BRDA:68,9,1,0
BRDA:69,10,0,0
BRDA:69,10,1,0
BRDA:83,11,0,0
BRDA:83,11,1,0
BRDA:85,12,0,0
BRDA:85,12,1,0
BRDA:86,13,0,0
BRDA:86,13,1,0
BRDA:87,14,0,0
BRDA:87,14,1,0
BRDA:88,15,0,0
BRDA:88,15,1,0
BRDA:97,16,0,0
BRDA:97,16,1,0
BRDA:110,17,0,0
BRDA:110,17,1,0
BRDA:112,18,0,0
BRDA:112,18,1,0
BRDA:113,19,0,0
BRDA:113,19,1,0
BRDA:122,20,0,0
BRDA:122,20,1,0
BRDA:143,21,0,0
BRDA:143,21,1,0
BRDA:145,22,0,0
BRDA:145,22,1,0
BRDA:153,23,0,0
BRDA:153,23,1,0
BRDA:160,24,0,0
BRDA:160,24,1,0
BRF:50
BRH:0
end_of_record
TN:
SF:src\app\setup\page.tsx
FN:13,SetupPage
FNF:1
FNH:0
FNDA:0,SetupPage
DA:1,0
DA:3,0
DA:13,0
DA:14,0
LF:4
LH:0
BRF:0
BRH:0
end_of_record
TN:
SF:src\app\split\actions.ts
FN:14,(anonymous_8)
FN:27,writeSplitStatus
FN:63,notifyPaymentSent
FN:85,undoPaymentNotification
FN:107,confirmPaymentReceived
FN:129,disputePayment
FN:151,updateSubstitutionDecision
FN:173,updateItemReceived
FN:198,finaliseReconciliation
FNF:9
FNH:0
FNDA:0,(anonymous_8)
FNDA:0,writeSplitStatus
FNDA:0,notifyPaymentSent
FNDA:0,undoPaymentNotification
FNDA:0,confirmPaymentReceived
FNDA:0,disputePayment
FNDA:0,updateSubstitutionDecision
FNDA:0,updateItemReceived
FNDA:0,finaliseReconciliation
DA:3,0
DA:4,0
DA:5,0
DA:6,0
DA:14,0
DA:32,0
DA:33,0
DA:35,0
DA:36,0
DA:41,0
DA:43,0
DA:46,0
DA:48,0
DA:51,0
DA:58,0
DA:59,0
DA:63,0
DA:64,0
DA:65,0
DA:67,0
DA:72,0
DA:73,0
DA:74,0
DA:77,0
DA:78,0
DA:79,0
DA:81,0
DA:85,0
DA:86,0
DA:87,0
DA:89,0
DA:94,0
DA:95,0
DA:96,0
DA:99,0
DA:100,0
DA:101,0
DA:103,0
DA:107,0
DA:108,0
DA:109,0
DA:111,0
DA:116,0
DA:117,0
DA:118,0
DA:121,0
DA:122,0
DA:123,0
DA:125,0
DA:129,0
DA:130,0
DA:131,0
DA:133,0
DA:138,0
DA:139,0
DA:140,0
DA:143,0
DA:144,0
DA:145,0
DA:147,0
DA:151,0
DA:155,0
DA:156,0
DA:158,0
DA:159,0
DA:164,0
DA:166,0
DA:167,0
DA:169,0
DA:173,0
DA:178,0
DA:179,0
DA:181,0
DA:182,0
DA:189,0
DA:191,0
DA:192,0
DA:194,0
DA:198,0
DA:199,0
DA:200,0
DA:202,0
DA:203,0
DA:209,0
DA:211,0
DA:212,0
DA:213,0
DA:214,0
DA:216,0
LF:89
LH:0
BRDA:35,0,0,0
BRDA:35,0,1,0
BRDA:41,1,0,0
BRDA:41,1,1,0
BRDA:43,2,0,0
BRDA:43,2,1,0
BRDA:48,3,0,0
BRDA:48,3,1,0
BRDA:58,4,0,0
BRDA:58,4,1,0
BRDA:59,5,0,0
BRDA:59,5,1,0
BRDA:65,6,0,0
BRDA:65,6,1,0
BRDA:72,7,0,0
BRDA:72,7,1,0
BRDA:73,8,0,0
BRDA:73,8,1,0
BRDA:74,9,0,0
BRDA:74,9,1,0
BRDA:87,10,0,0
BRDA:87,10,1,0
BRDA:94,11,0,0
BRDA:94,11,1,0
BRDA:95,12,0,0
BRDA:95,12,1,0
BRDA:96,13,0,0
BRDA:96,13,1,0
BRDA:109,14,0,0
BRDA:109,14,1,0
BRDA:116,15,0,0
BRDA:116,15,1,0
BRDA:117,16,0,0
BRDA:117,16,1,0
BRDA:118,17,0,0
BRDA:118,17,1,0
BRDA:131,18,0,0
BRDA:131,18,1,0
BRDA:138,19,0,0
BRDA:138,19,1,0
BRDA:139,20,0,0
BRDA:139,20,1,0
BRDA:140,21,0,0
BRDA:140,21,1,0
BRDA:156,22,0,0
BRDA:156,22,1,0
BRDA:164,23,0,0
BRDA:164,23,1,0
BRDA:179,24,0,0
BRDA:179,24,1,0
BRDA:189,25,0,0
BRDA:189,25,1,0
BRDA:200,26,0,0
BRDA:200,26,1,0
BRDA:209,27,0,0
BRDA:209,27,1,0
BRF:56
BRH:0
end_of_record
TN:
SF:src\app\split\expenseActions.ts
FN:13,(anonymous_4)
FN:17,isMissingTable
FN:37,logExpense
FN:60,(anonymous_7)
FN:64,(anonymous_8)
FN:65,(anonymous_9)
FN:72,(anonymous_10)
FN:76,(anonymous_11)
FN:83,(anonymous_12)
FN:84,(anonymous_13)
FN:89,(anonymous_14)
FN:93,(anonymous_15)
FN:96,(anonymous_16)
FN:102,(anonymous_17)
FN:124,(anonymous_18)
FN:153,settleExpenseShare
FN:187,deleteExpense
FNF:17
FNH:0
FNDA:0,(anonymous_4)
FNDA:0,isMissingTable
FNDA:0,logExpense
FNDA:0,(anonymous_7)
FNDA:0,(anonymous_8)
FNDA:0,(anonymous_9)
FNDA:0,(anonymous_10)
FNDA:0,(anonymous_11)
FNDA:0,(anonymous_12)
FNDA:0,(anonymous_13)
FNDA:0,(anonymous_14)
FNDA:0,(anonymous_15)
FNDA:0,(anonymous_16)
FNDA:0,(anonymous_17)
FNDA:0,(anonymous_18)
FNDA:0,settleExpenseShare
FNDA:0,deleteExpense
DA:3,0
DA:4,0
DA:5,0
DA:6,0
DA:13,0
DA:15,0
DA:18,0
DA:37,0
DA:41,0
DA:42,0
DA:44,0
DA:45,0
DA:46,0
DA:48,0
DA:49,0
DA:51,0
DA:52,0
DA:54,0
DA:55,0
DA:59,0
DA:60,0
DA:62,0
DA:64,0
DA:65,0
DA:67,0
DA:71,0
DA:72,0
DA:76,0
DA:80,0
DA:81,0
DA:83,0
DA:84,0
DA:86,0
DA:87,0
DA:89,0
DA:93,0
DA:94,0
DA:96,0
DA:97,0
DA:98,0
DA:102,0
DA:105,0
DA:106,0
DA:119,0
DA:120,0
DA:123,0
DA:124,0
DA:133,0
DA:136,0
DA:137,0
DA:140,0
DA:141,0
DA:142,0
DA:144,0
DA:153,0
DA:157,0
DA:158,0
DA:160,0
DA:161,0
DA:162,0
DA:163,0
DA:165,0
DA:166,0
DA:172,0
DA:174,0
DA:175,0
DA:176,0
DA:177,0
DA:187,0
DA:191,0
DA:192,0
DA:193,0
DA:195,0
DA:196,0
DA:203,0
DA:204,0
DA:205,0
DA:208,0
DA:209,0
DA:210,0
DA:211,0
LF:81
LH:0
BRDA:18,0,0,0
BRDA:18,0,1,0
BRDA:42,1,0,0
BRDA:42,1,1,0
BRDA:44,2,0,0
BRDA:44,2,1,0
BRDA:45,3,0,0
BRDA:45,3,1,0
BRDA:46,4,0,0
BRDA:46,4,1,0
BRDA:48,5,0,0
BRDA:48,5,1,0
BRDA:49,6,0,0
BRDA:49,6,1,0
BRDA:49,7,0,0
BRDA:49,7,1,0
BRDA:51,8,0,0
BRDA:51,8,1,0
BRDA:52,9,0,0
BRDA:52,9,1,0
BRDA:54,10,0,0
BRDA:54,10,1,0
BRDA:55,11,0,0
BRDA:55,11,1,0
BRDA:67,12,0,0
BRDA:67,12,1,0
BRDA:74,13,0,0
BRDA:74,13,1,0
BRDA:80,14,0,0
BRDA:80,14,1,0
BRDA:86,15,0,0
BRDA:86,15,1,0
BRDA:93,16,0,0
BRDA:93,16,1,0
BRDA:93,17,0,0
BRDA:93,17,1,0
BRDA:96,18,0,0
BRDA:96,18,1,0
BRDA:97,19,0,0
BRDA:97,19,1,0
BRDA:102,20,0,0
BRDA:102,20,1,0
BRDA:119,21,0,0
BRDA:119,21,1,0
BRDA:120,22,0,0
BRDA:120,22,1,0
BRDA:133,23,0,0
BRDA:133,23,1,0
BRDA:147,24,0,0
BRDA:147,24,1,0
BRDA:158,25,0,0
BRDA:158,25,1,0
BRDA:160,26,0,0
BRDA:160,26,1,0
BRDA:161,27,0,0
BRDA:161,27,1,0
BRDA:162,28,0,0
BRDA:162,28,1,0
BRDA:163,29,0,0
BRDA:163,29,1,0
BRDA:163,30,0,0
BRDA:163,30,1,0
BRDA:172,31,0,0
BRDA:172,31,1,0
BRDA:192,32,0,0
BRDA:192,32,1,0
BRDA:193,33,0,0
BRDA:193,33,1,0
BRDA:203,34,0,0
BRDA:203,34,1,0
BRDA:204,35,0,0
BRDA:204,35,1,0
BRDA:204,36,0,0
BRDA:204,36,1,0
BRF:74
BRH:0
end_of_record
TN:
SF:src\app\split\layout.tsx
FN:37,SplitLayout
FNF:1
FNH:0
FNDA:0,SplitLayout
DA:2,0
DA:3,0
DA:4,0
DA:5,0
DA:20,0
DA:26,0
DA:37,0
DA:38,0
DA:39,0
LF:9
LH:0
BRDA:39,0,0,0
BRDA:39,0,1,0
BRDA:50,1,0,0
BRDA:50,1,1,0
BRDA:52,2,0,0
BRDA:52,2,1,0
BRF:6
BRH:0
end_of_record
TN:
SF:src\app\split\page.tsx
FN:23,SplitPage
FN:44,(anonymous_5)
FN:81,(anonymous_6)
FN:118,(anonymous_7)
FN:143,(anonymous_8)
FNF:5
FNH:0
FNDA:0,SplitPage
FNDA:0,(anonymous_5)
FNDA:0,(anonymous_6)
FNDA:0,(anonymous_7)
FNDA:0,(anonymous_8)
DA:1,0
DA:2,0
DA:3,0
DA:4,0
DA:5,0
DA:6,0
DA:7,0
DA:8,0
DA:18,0
DA:20,0
DA:21,0
DA:23,0
DA:24,0
DA:25,0
DA:27,0
DA:36,0
DA:44,0
DA:46,0
DA:47,0
DA:51,0
DA:81,0
DA:119,0
DA:144,0
LF:23
LH:0
BRDA:25,0,0,0
BRDA:25,0,1,0
BRDA:46,1,0,0
BRDA:46,1,1,0
BRDA:46,2,0,0
BRDA:46,2,1,0
BRDA:51,3,0,0
BRDA:51,3,1,0
BRDA:64,4,0,0
BRDA:64,4,1,0
BRDA:66,5,0,0
BRDA:66,5,1,0
BRDA:71,6,0,0
BRDA:71,6,1,0
BRDA:71,7,0,0
BRDA:71,7,1,0
BRDA:87,8,0,0
BRDA:87,8,1,0
BRDA:99,9,0,0
BRDA:106,10,0,0
BRDA:109,11,0,0
BRDA:109,11,1,0
BRDA:168,12,0,0
BRDA:185,13,0,0
BRDA:185,13,1,0
BRDA:186,14,0,0
BRDA:186,14,1,0
BRF:27
BRH:0
end_of_record
TN:
SF:src\app\split\postActions.ts
FN:20,(anonymous_1)
FN:40,postSplit
FN:55,(anonymous_3)
FN:63,(anonymous_4)
FN:64,(anonymous_5)
FN:73,(anonymous_6)
FN:75,(anonymous_7)
FN:107,(anonymous_8)
FNF:8
FNH:0
FNDA:0,(anonymous_1)
FNDA:0,postSplit
FNDA:0,(anonymous_3)
FNDA:0,(anonymous_4)
FNDA:0,(anonymous_5)
FNDA:0,(anonymous_6)
FNDA:0,(anonymous_7)
FNDA:0,(anonymous_8)
DA:3,0
DA:4,0
DA:5,0
DA:12,0
DA:13,0
DA:20,0
DA:40,0
DA:41,0
DA:42,0
DA:44,0
DA:51,0
DA:52,0
DA:53,0
DA:55,0
DA:56,0
DA:62,0
DA:63,0
DA:64,0
DA:66,0
DA:67,0
DA:72,0
DA:73,0
DA:75,0
DA:76,0
DA:78,0
DA:79,0
DA:81,0
DA:82,0
DA:84,0
DA:85,0
DA:87,0
DA:99,0
DA:100,0
DA:105,0
DA:106,0
DA:107,0
DA:109,0
DA:112,0
DA:113,0
DA:114,0
DA:117,0
DA:121,0
LF:42
LH:0
BRDA:42,0,0,0
BRDA:42,0,1,0
BRDA:51,1,0,0
BRDA:51,1,1,0
BRDA:52,2,0,0
BRDA:52,2,1,0
BRDA:53,3,0,0
BRDA:53,3,1,0
BRDA:62,4,0,0
BRDA:62,4,1,0
BRDA:62,5,0,0
BRDA:62,5,1,0
BRDA:62,5,2,0
BRDA:72,6,0,0
BRDA:72,6,1,0
BRDA:73,7,0,0
BRDA:73,7,1,0
BRDA:79,8,0,0
BRDA:79,8,1,0
BRDA:81,9,0,0
BRDA:81,9,1,0
BRDA:82,10,0,0
BRDA:82,10,1,0
BRDA:85,11,0,0
BRDA:85,11,1,0
BRDA:85,12,0,0
BRDA:85,12,1,0
BRDA:99,13,0,0
BRDA:99,13,1,0
BRDA:107,14,0,0
BRDA:107,14,1,0
BRDA:107,15,0,0
BRDA:107,15,1,0
BRDA:109,16,0,0
BRDA:109,16,1,0
BRDA:117,17,0,0
BRDA:117,17,1,0
BRDA:118,18,0,0
BRDA:118,18,1,0
BRDA:123,19,0,0
BRDA:123,19,1,0
BRF:41
BRH:0
end_of_record
TN:
SF:src\app\split\balances\page.tsx
FN:14,BalancesPage
FN:21,(anonymous_5)
FN:24,(anonymous_6)
FN:64,(anonymous_7)
FN:65,(anonymous_8)
FN:98,(anonymous_9)
FNF:6
FNH:0
FNDA:0,BalancesPage
FNDA:0,(anonymous_5)
FNDA:0,(anonymous_6)
FNDA:0,(anonymous_7)
FNDA:0,(anonymous_8)
FNDA:0,(anonymous_9)
DA:1,0
DA:2,0
DA:3,0
DA:4,0
DA:5,0
DA:6,0
DA:7,0
DA:9,0
DA:12,0
DA:14,0
DA:15,0
DA:21,0
DA:22,0
DA:24,0
DA:26,0
DA:28,0
DA:64,0
DA:66,0
DA:67,0
DA:99,0
DA:100,0
DA:102,0
DA:104,0
LF:23
LH:0
BRDA:26,0,0,0
BRDA:26,0,1,0
BRDA:28,1,0,0
BRDA:28,1,1,0
BRDA:46,2,0,0
BRDA:46,2,1,0
BRDA:52,3,0,0
BRDA:52,3,1,0
BRDA:54,4,0,0
BRDA:54,4,1,0
BRDA:66,5,0,0
BRDA:66,5,1,0
BRDA:74,6,0,0
BRDA:77,7,0,0
BRDA:77,7,1,0
BRDA:77,8,0,0
BRDA:77,8,1,0
BRDA:82,9,0,0
BRDA:82,9,1,0
BRDA:82,10,0,0
BRDA:82,10,1,0
BRDA:102,11,0,0
BRDA:102,11,1,0
BRDA:109,12,0,0
BRDA:109,12,1,0
BRDA:111,13,0,0
BRDA:111,13,1,0
BRDA:122,14,0,0
BRDA:122,14,1,0
BRDA:124,15,0,0
BRDA:124,15,1,0
BRDA:124,16,0,0
BRDA:124,16,1,0
BRDA:126,17,0,0
BRDA:126,17,1,0
BRDA:126,18,0,0
BRDA:126,18,1,0
BRDA:126,19,0,0
BRDA:126,19,1,0
BRDA:133,20,0,0
BRDA:133,20,1,0
BRDA:146,21,0,0
BRDA:146,21,1,0
BRDA:151,22,0,0
BRDA:151,22,1,0
BRDA:152,23,0,0
BRDA:152,23,1,0
BRF:47
BRH:0
end_of_record
TN:
SF:src\app\split\reconcile\page.tsx
FN:17,ReconcilePage
FNF:1
FNH:0
FNDA:0,ReconcilePage
DA:1,0
DA:2,0
DA:3,0
DA:12,0
DA:14,0
DA:15,0
DA:17,0
DA:18,0
DA:30,0
DA:41,0
LF:10
LH:0
BRDA:30,0,0,0
BRDA:30,0,1,0
BRDA:30,1,0,0
BRDA:30,1,1,0
BRDA:30,1,2,0
BRDA:41,2,0,0
BRDA:41,2,1,0
BRF:7
BRH:0
end_of_record
TN:
SF:src\app\welcome\page.tsx
FN:66,WelcomePage
FN:196,(anonymous_6)
FN:226,(anonymous_7)
FN:248,(anonymous_8)
FNF:4
FNH:0
FNDA:0,WelcomePage
FNDA:0,(anonymous_6)
FNDA:0,(anonymous_7)
FNDA:0,(anonymous_8)
DA:1,0
DA:2,0
DA:3,0
DA:4,0
DA:5,0
DA:6,0
DA:8,0
DA:15,0
DA:33,0
DA:42,0
DA:60,0
DA:66,0
DA:67,0
DA:68,0
DA:197,0
DA:227,0
DA:249,0
LF:17
LH:0
BRDA:68,0,0,0
BRDA:68,0,1,0
BRDA:72,1,0,0
BRDA:89,2,0,0
BRDA:89,3,0,0
BRDA:89,3,1,0
BRDA:117,4,0,0
BRDA:128,5,0,0
BRDA:128,6,0,0
BRDA:128,6,1,0
BRF:10
BRH:0
end_of_record
TN:
SF:src\components\PushNotificationSetup.tsx
FN:14,PushNotificationSetup
FN:15,(anonymous_2)
FN:27,registerServiceWorker
FN:37,(anonymous_4)
FN:41,(anonymous_5)
FN:50,(anonymous_6)
FN:58,requestPushPermission
FN:130,urlBase64ToUint8Array
FNF:8
FNH:0
FNDA:0,PushNotificationSetup
FNDA:0,(anonymous_2)
FNDA:0,registerServiceWorker
FNDA:0,(anonymous_4)
FNDA:0,(anonymous_5)
FNDA:0,(anonymous_6)
FNDA:0,requestPushPermission
FNDA:0,urlBase64ToUint8Array
DA:12,0
DA:14,0
DA:15,0
DA:17,0
DA:18,0
DA:21,0
DA:24,0
DA:28,0
DA:30,0
DA:34,0
DA:37,0
DA:38,0
DA:39,0
DA:41,0
DA:42,0
DA:43,0
DA:50,0
DA:51,0
DA:54,0
DA:59,0
DA:61,0
DA:62,0
DA:63,0
DA:67,0
DA:69,0
DA:70,0
DA:71,0
DA:75,0
DA:76,0
DA:77,0
DA:81,0
DA:82,0
DA:84,0
DA:85,0
DA:86,0
DA:92,0
DA:93,0
DA:97,0
DA:98,0
DA:103,0
DA:107,0
DA:110,0
DA:111,0
DA:117,0
DA:118,0
DA:122,0
DA:131,0
DA:134,0
DA:137,0
DA:138,0
DA:140,0
DA:141,0
DA:143,0
DA:144,0
DA:147,0
LF:55
LH:0
BRDA:17,0,0,0
BRDA:17,0,1,0
BRDA:17,1,0,0
BRDA:17,1,1,0
BRDA:39,2,0,0
BRDA:39,2,1,0
BRDA:42,3,0,0
BRDA:42,3,1,0
BRDA:42,4,0,0
BRDA:42,4,1,0
BRDA:61,5,0,0
BRDA:61,5,1,0
BRDA:69,6,0,0
BRDA:69,6,1,0
BRDA:75,7,0,0
BRDA:75,7,1,0
BRDA:81,8,0,0
BRDA:81,8,1,0
BRDA:84,9,0,0
BRDA:84,9,1,0
BRDA:97,10,0,0
BRDA:97,10,1,0
BRDA:110,11,0,0
BRDA:110,11,1,0
BRDA:117,12,0,0
BRDA:117,12,1,0
BRDA:131,13,0,0
BRDA:131,13,1,0
BRF:28
BRH:0
end_of_record
TN:
SF:src\components\SetupRequired.tsx
FN:34,SetupRequired
FN:49,(anonymous_2)
FNF:2
FNH:0
FNDA:0,SetupRequired
FNDA:0,(anonymous_2)
DA:1,0
DA:11,0
DA:34,0
DA:50,0
LF:4
LH:0
BRF:0
BRH:0
end_of_record
TN:
SF:src\components\account\AccountPanels.tsx
FN:35,SaveButton
FN:43,Status
FN:64,PaymentDetailsPanel
FN:160,DietaryPanel
FN:162,(anonymous_9)
FN:175,(anonymous_10)
FN:219,LeaveHousePanel
FN:224,leave
FN:225,(anonymous_13)
FN:255,(anonymous_14)
FN:265,(anonymous_15)
FN:306,DeleteAccountPanel
FN:312,remove
FN:314,(anonymous_18)
FN:348,(anonymous_19)
FN:352,(anonymous_20)
FN:374,(anonymous_21)
FN:378,(anonymous_22)
FN:386,(anonymous_23)
FNF:19
FNH:0
FNDA:0,SaveButton
FNDA:0,Status
FNDA:0,PaymentDetailsPanel
FNDA:0,DietaryPanel
FNDA:0,(anonymous_9)
FNDA:0,(anonymous_10)
FNDA:0,LeaveHousePanel
FNDA:0,leave
FNDA:0,(anonymous_13)
FNDA:0,(anonymous_14)
FNDA:0,(anonymous_15)
FNDA:0,DeleteAccountPanel
FNDA:0,remove
FNDA:0,(anonymous_18)
FNDA:0,(anonymous_19)
FNDA:0,(anonymous_20)
FNDA:0,(anonymous_21)
FNDA:0,(anonymous_22)
FNDA:0,(anonymous_23)
DA:3,0
DA:4,0
DA:5,0
DA:6,0
DA:7,0
DA:8,0
DA:9,0
DA:16,0
DA:19,0
DA:22,0
DA:24,0
DA:44,0
DA:64,0
DA:65,0
DA:66,0
DA:160,0
DA:161,0
DA:162,0
DA:176,0
DA:219,0
DA:220,0
DA:221,0
DA:222,0
DA:225,0
DA:226,0
DA:228,0
DA:229,0
DA:230,0
DA:255,0
DA:265,0
DA:304,0
DA:306,0
DA:307,0
DA:308,0
DA:309,0
DA:310,0
DA:313,0
DA:314,0
DA:315,0
DA:317,0
DA:318,0
DA:319,0
DA:320,0
DA:322,0
DA:323,0
DA:324,0
DA:348,0
DA:352,0
DA:374,0
DA:378,0
DA:386,0
LF:51
LH:0
BRDA:35,0,0,0
BRDA:44,1,0,0
BRDA:44,1,1,0
BRDA:50,2,0,0
BRDA:50,2,1,0
BRDA:85,3,0,0
BRDA:85,3,1,0
BRDA:100,4,0,0
BRDA:100,4,1,0
BRDA:114,5,0,0
BRDA:114,5,1,0
BRDA:130,6,0,0
BRDA:130,6,1,0
BRDA:146,7,0,0
BRDA:146,7,1,0
BRDA:228,8,0,0
BRDA:228,8,1,0
BRDA:238,9,0,0
BRDA:251,10,0,0
BRDA:251,10,1,0
BRDA:273,11,0,0
BRDA:317,12,0,0
BRDA:317,12,1,0
BRDA:322,13,0,0
BRDA:322,13,1,0
BRDA:331,14,0,0
BRDA:359,15,0,0
BRDA:385,16,0,0
BRDA:391,17,0,0
BRF:29
BRH:0
end_of_record
TN:
SF:src\components\avatars\Avatar.tsx
FN:42,Avatar
FN:46,(anonymous_4)
FN:77,AvatarStack
FN:80,(anonymous_6)
FNF:4
FNH:0
FNDA:0,Avatar
FNDA:0,(anonymous_4)
FNDA:0,AvatarStack
FNDA:0,(anonymous_6)
DA:1,0
DA:9,0
DA:16,0
DA:34,0
DA:42,0
DA:43,0
DA:46,0
DA:77,0
DA:81,0
LF:9
LH:0
BRDA:42,0,0,0
BRDA:42,1,0,0
BRDA:46,2,0,0
BRDA:46,2,1,0
BRDA:55,3,0,0
BRDA:55,3,1,0
BRDA:60,4,0,0
BRDA:60,4,1,0
BRDA:77,5,0,0
BRDA:79,6,0,0
BRDA:79,6,1,0
BRF:11
BRH:0
end_of_record
TN:
SF:src\components\basket\AddItemPanel.tsx
FN:30,AddItemPanel
FN:37,search
FN:39,(anonymous_3)
FN:47,add
FN:48,(anonymous_5)
FN:69,(anonymous_6)
FN:90,(anonymous_7)
FN:101,(anonymous_8)
FN:102,(anonymous_9)
FN:125,(anonymous_10)
FN:130,(anonymous_11)
FN:167,packLabel
FNF:12
FNH:0
FNDA:0,AddItemPanel
FNDA:0,search
FNDA:0,(anonymous_3)
FNDA:0,add
FNDA:0,(anonymous_5)
FNDA:0,(anonymous_6)
FNDA:0,(anonymous_7)
FNDA:0,(anonymous_8)
FNDA:0,(anonymous_9)
FNDA:0,(anonymous_10)
FNDA:0,(anonymous_11)
FNDA:0,packLabel
DA:3,0
DA:4,0
DA:5,0
DA:6,0
DA:7,0
DA:8,0
DA:9,0
DA:30,0
DA:31,0
DA:32,0
DA:33,0
DA:34,0
DA:35,0
DA:38,0
DA:39,0
DA:40,0
DA:41,0
DA:42,0
DA:43,0
DA:48,0
DA:49,0
DA:50,0
DA:51,0
DA:52,0
DA:53,0
DA:54,0
DA:56,0
DA:57,0
DA:58,0
DA:59,0
DA:60,0
DA:65,0
DA:69,0
DA:90,0
DA:101,0
DA:103,0
DA:104,0
DA:105,0
DA:126,0
DA:130,0
DA:168,0
DA:169,0
DA:170,0
LF:43
LH:0
BRDA:38,0,0,0
BRDA:38,0,1,0
BRDA:43,1,0,0
BRDA:43,1,1,0
BRDA:53,2,0,0
BRDA:53,2,1,0
BRDA:53,2,2,0
BRDA:54,3,0,0
BRDA:54,3,1,0
BRDA:58,4,0,0
BRDA:58,4,1,0
BRDA:65,5,0,0
BRDA:65,5,1,0
BRDA:103,6,0,0
BRDA:103,6,1,0
BRDA:115,7,0,0
BRDA:115,7,1,0
BRDA:118,8,0,0
BRDA:118,8,1,0
BRDA:123,9,0,0
BRDA:145,10,0,0
BRDA:145,10,1,0
BRDA:157,11,0,0
BRDA:169,12,0,0
BRDA:169,12,1,0
BRDA:170,13,0,0
BRDA:170,13,1,0
BRF:27
BRH:0
end_of_record
TN:
SF:src\components\basket\BasketView.tsx
FN:42,BasketView
FN:44,(anonymous_2)
FN:44,(anonymous_3)
FN:67,(anonymous_4)
FN:69,(anonymous_5)
FN:73,(anonymous_6)
FN:77,(anonymous_7)
FN:77,(anonymous_8)
[...]
FN:410,(anonymous_62)
FN:422,(anonymous_63)
FN:476,(anonymous_64)
FN:491,(anonymous_65)
FN:498,(anonymous_66)
FN:499,(anonymous_67)
FN:508,(anonymous_68)
FN:511,(anonymous_69)
FN:554,shareWorking
FN:568,(anonymous_71)
FN:570,(anonymous_72)
FN:584,(anonymous_73)
FN:599,(anonymous_74)
FN:607,(anonymous_75)
FN:645,(anonymous_76)
FN:706,(anonymous_77)
FN:714,(anonymous_78)
FN:717,(anonymous_79)
FN:723,(anonymous_80)
FN:724,(anonymous_81)
FN:728,(anonymous_82)
FN:739,(anonymous_83)
FN:749,(anonymous_84)
FN:757,(anonymous_85)
FN:759,(anonymous_86)
FN:760,(anonymous_87)
FN:776,(anonymous_88)
FN:785,(anonymous_89)
FN:806,(anonymous_90)
FN:810,(anonymous_91)
FN:819,(anonymous_92)
FN:820,(anonymous_93)
FN:828,(anonymous_94)
FN:833,(anonymous_95)
FN:834,(anonymous_96)
FN:836,(anonymous_97)
FN:837,(anonymous_98)
FN:847,(anonymous_99)
FN:858,(anonymous_100)
FN:861,(anonymous_101)
FN:865,(anonymous_102)
FN:878,(anonymous_103)
FN:893,(anonymous_104)
FN:896,(anonymous_105)
FN:908,(anonymous_106)
FN:909,(anonymous_107)
FN:920,(anonymous_108)
FN:939,(anonymous_109)
FN:957,(anonymous_110)
FN:966,(anonymous_111)
FN:972,(anonymous_112)
FN:981,(anonymous_113)
FN:984,(anonymous_114)
FN:986,(anonymous_115)
FN:1013,(anonymous_116)
FN:1032,(anonymous_117)
FN:1054,(anonymous_118)
FN:1059,getPlannedBasketTotal
FNF:91
FNH:0
FNDA:0,unwrap
FNDA:0,(anonymous_30)
FNDA:0,(anonymous_31)
FNDA:0,(anonymous_32)
FNDA:0,(anonymous_33)
FNDA:0,(anonymous_34)
FNDA:0,(anonymous_35)
FNDA:0,(anonymous_36)
FNDA:0,(anonymous_37)
FNDA:0,(anonymous_38)
FNDA:0,(anonymous_39)
FNDA:0,(anonymous_40)
FNDA:0,loadRecipes
FNDA:0,(anonymous_42)
FNDA:0,(anonymous_43)
FNDA:0,(anonymous_44)
FNDA:0,(anonymous_45)
FNDA:0,(anonymous_46)
FNDA:0,(anonymous_47)
FNDA:0,(anonymous_48)
FNDA:0,(anonymous_49)
FNDA:0,(anonymous_50)
FNDA:0,getRecipe
FNDA:0,nextCutoff
FNDA:0,isoWeekNumber
FNDA:0,emptyPlan
FNDA:0,(anonymous_55)
FNDA:0,(anonymous_56)
FNDA:0,(anonymous_57)
FNDA:0,(anonymous_58)
FNDA:0,(anonymous_59)
FNDA:0,(anonymous_60)
FNDA:0,(anonymous_61)
FNDA:0,(anonymous_62)
FNDA:0,(anonymous_63)
FNDA:0,(anonymous_64)
FNDA:0,(anonymous_65)
FNDA:0,(anonymous_66)
FNDA:0,(anonymous_67)
FNDA:0,(anonymous_68)
FNDA:0,(anonymous_69)
FNDA:0,shareWorking
FNDA:0,(anonymous_71)
FNDA:0,(anonymous_72)
FNDA:0,(anonymous_73)
FNDA:0,(anonymous_74)
FNDA:0,(anonymous_75)
FNDA:0,(anonymous_76)
FNDA:0,(anonymous_77)
FNDA:0,(anonymous_78)
FNDA:0,(anonymous_79)
FNDA:0,(anonymous_80)
FNDA:0,(anonymous_81)
FNDA:0,(anonymous_82)
FNDA:0,(anonymous_83)
FNDA:0,(anonymous_84)
FNDA:0,(anonymous_85)
FNDA:0,(anonymous_86)
FNDA:0,(anonymous_87)
FNDA:0,(anonymous_88)
FNDA:0,(anonymous_89)
FNDA:0,(anonymous_90)
FNDA:0,(anonymous_91)
FNDA:0,(anonymous_92)
FNDA:0,(anonymous_93)
FNDA:0,(anonymous_94)
FNDA:0,(anonymous_95)
FNDA:0,(anonymous_96)
FNDA:0,(anonymous_97)
FNDA:0,(anonymous_98)
FNDA:0,(anonymous_99)
FNDA:0,(anonymous_100)
FNDA:0,(anonymous_101)
FNDA:0,(anonymous_102)
FNDA:0,(anonymous_103)
FNDA:0,(anonymous_104)
FNDA:0,(anonymous_105)
FNDA:0,(anonymous_106)
FNDA:0,(anonymous_107)
FNDA:0,(anonymous_108)
FNDA:0,(anonymous_109)
FNDA:0,(anonymous_110)
FNDA:0,(anonymous_111)
FNDA:0,(anonymous_112)
FNDA:0,(anonymous_113)
FNDA:0,(anonymous_114)
FNDA:0,(anonymous_115)
FNDA:0,(anonymous_116)
FNDA:0,(anonymous_117)
FNDA:0,(anonymous_118)
FNDA:0,getPlannedBasketTotal
DA:1,0
DA:3,0
DA:16,0
DA:17,0
DA:28,0
DA:29,0
DA:30,0
DA:31,0
DA:32,0
DA:33,0
DA:56,0
DA:70,0
DA:71,0
DA:72,0
DA:74,0
DA:81,0
DA:98,0
DA:99,0
DA:102,0
DA:103,0
DA:105,0
DA:106,0
DA:109,0
DA:110,0
DA:113,0
DA:114,0
DA:116,0
DA:117,0
DA:118,0
DA:121,0
DA:125,0
DA:129,0
DA:136,0
DA:141,0
DA:144,0
DA:145,0
DA:148,0
DA:149,0
DA:150,0
DA:151,0
DA:155,0
DA:156,0
DA:157,0
DA:159,0
DA:160,0
DA:161,0
DA:164,0
DA:165,0
DA:166,0
DA:167,0
DA:170,0
DA:171,0
DA:172,0
DA:174,0
DA:175,0
DA:180,0
DA:187,0
DA:188,0
DA:189,0
DA:191,0
DA:192,0
DA:193,0
DA:208,0
DA:209,0
DA:210,0
DA:218,0
DA:220,0
DA:221,0
DA:222,0
DA:223,0
DA:226,0
DA:227,0
DA:229,0
DA:230,0
DA:236,0
DA:237,0
DA:241,0
DA:242,0
DA:245,0
DA:246,0
DA:247,0
DA:249,0
DA:250,0
DA:252,0
DA:254,0
DA:258,0
DA:259,0
DA:260,0
DA:261,0
DA:264,0
DA:265,0
DA:266,0
DA:276,0
DA:277,0
DA:278,0
DA:279,0
DA:280,0
DA:282,0
DA:283,0
DA:284,0
DA:285,0
DA:287,0
DA:292,0
DA:293,0
DA:294,0
DA:295,0
DA:296,0
DA:297,0
DA:298,0
DA:307,0
DA:308,0
DA:332,0
DA:334,0
DA:335,0
DA:337,0
DA:338,0
DA:345,0
DA:347,0
DA:348,0
DA:349,0
DA:355,0
DA:359,0
DA:361,0
DA:363,0
DA:370,0
DA:371,0
DA:373,0
DA:374,0
DA:377,0
DA:381,0
DA:383,0
DA:409,0
DA:410,0
DA:421,0
DA:434,0
DA:435,0
DA:437,0
DA:438,0
DA:444,0
DA:446,0
DA:452,0
DA:453,0
DA:455,0
DA:460,0
DA:462,0
DA:476,0
DA:477,0
DA:478,0
DA:480,0
DA:481,0
DA:485,0
DA:487,0
DA:491,0
DA:497,0
DA:498,0
DA:499,0
DA:501,0
DA:502,0
DA:503,0
DA:504,0
DA:508,0
DA:509,0
DA:511,0
DA:526,0
DA:561,0
DA:562,0
DA:568,0
DA:569,0
DA:570,0
DA:574,0
DA:575,0
DA:578,0
DA:580,0
DA:581,0
DA:584,0
DA:585,0
DA:593,0
DA:594,0
DA:597,0
DA:599,0
DA:600,0
DA:601,0
DA:602,0
DA:604,0
DA:606,0
DA:607,0
DA:608,0
DA:610,0
DA:611,0
DA:613,0
DA:614,0
DA:615,0
DA:616,0
DA:617,0
DA:619,0
DA:625,0
DA:627,0
DA:641,0
DA:642,0
DA:643,0
DA:645,0
DA:647,0
DA:649,0
DA:650,0
DA:676,0
DA:683,0
DA:685,0
DA:705,0
DA:707,0
DA:708,0
DA:710,0
DA:711,0
DA:712,0
DA:714,0
DA:716,0
DA:718,0
DA:719,0
DA:723,0
DA:724,0
DA:728,0
DA:729,0
DA:730,0
DA:732,0
DA:733,0
DA:737,0
DA:739,0
DA:740,0
DA:749,0
DA:750,0
DA:756,0
DA:757,0
DA:758,0
DA:759,0
DA:760,0
DA:776,0
DA:785,0
DA:786,0
DA:787,0
DA:789,0
DA:790,0
DA:796,0
DA:797,0
DA:798,0
DA:800,0
DA:802,0
DA:806,0
DA:810,0
DA:819,0
DA:820,0
DA:828,0
DA:829,0
DA:830,0
DA:833,0
DA:834,0
DA:836,0
DA:837,0
DA:839,0
DA:847,0
DA:848,0
DA:849,0
DA:851,0
DA:852,0
DA:857,0
DA:858,0
DA:860,0
DA:862,0
DA:863,0
DA:865,0
DA:878,0
DA:879,0
DA:880,0
DA:882,0
DA:883,0
DA:888,0
DA:889,0
DA:890,0
DA:893,0
DA:895,0
DA:897,0
DA:898,0
DA:899,0
DA:908,0
DA:909,0
DA:920,0
DA:921,0
DA:922,0
DA:924,0
DA:925,0
DA:931,0
DA:932,0
DA:933,0
DA:936,0
DA:937,0
DA:939,0
DA:957,0
DA:958,0
DA:959,0
DA:961,0
DA:962,0
DA:966,0
DA:969,0
DA:972,0
DA:973,0
DA:974,0
DA:976,0
DA:977,0
DA:981,0
DA:984,0
DA:986,0
DA:987,0
DA:988,0
DA:1013,0
DA:1014,0
DA:1015,0
DA:1017,0
DA:1018,0
DA:1026,0
DA:1028,0
DA:1032,0
DA:1037,0
DA:1038,0
DA:1039,0
DA:1040,0
DA:1042,0
DA:1043,0
DA:1044,0
DA:1045,0
DA:1047,0
DA:1048,0
DA:1049,0
DA:1050,0
DA:1054,0
DA:1055,0
DA:1059,0
DA:1060,0
LF:335
LH:0
BRDA:70,0,0,0
BRDA:70,0,1,0
BRDA:71,1,0,0
BRDA:71,1,1,0
BRDA:71,2,0,0
BRDA:71,2,1,0
BRDA:103,3,0,0
BRDA:103,3,1,0
BRDA:106,4,0,0
BRDA:106,4,1,0
BRDA:114,5,0,0
BRDA:114,5,1,0
BRDA:117,6,0,0
BRDA:117,6,1,0
BRDA:121,7,0,0
BRDA:121,7,1,0
BRDA:125,8,0,0
BRDA:125,8,1,0
BRDA:125,8,2,0
BRDA:134,9,0,0
BRDA:134,9,1,0
BRDA:141,10,0,0
BRDA:141,10,1,0
BRDA:145,11,0,0
BRDA:145,11,1,0
BRDA:150,12,0,0
BRDA:150,12,1,0
BRDA:157,13,0,0
BRDA:157,13,1,0
BRDA:161,14,0,0
BRDA:161,14,1,0
BRDA:166,15,0,0
BRDA:166,15,1,0
BRDA:172,16,0,0
BRDA:172,16,1,0
BRDA:189,17,0,0
BRDA:189,17,1,0
BRDA:189,18,0,0
BRDA:189,18,1,0
BRDA:192,19,0,0
BRDA:192,19,1,0
BRDA:192,19,2,0
BRDA:221,20,0,0
BRDA:221,20,1,0
BRDA:222,21,0,0
BRDA:222,21,1,0
BRDA:227,22,0,0
BRDA:227,22,1,0
BRDA:250,23,0,0
BRDA:250,23,1,0
BRDA:260,24,0,0
BRDA:260,24,1,0
BRDA:266,25,0,0
BRDA:266,25,1,0
BRDA:280,26,0,0
BRDA:280,26,1,0
BRDA:280,27,0,0
BRDA:280,27,1,0
BRDA:284,28,0,0
BRDA:284,28,1,0
BRDA:284,29,0,0
BRDA:284,29,1,0
BRDA:335,30,0,0
BRDA:335,30,1,0
BRDA:345,31,0,0
BRDA:345,31,1,0
BRDA:348,32,0,0
BRDA:348,32,1,0
BRDA:363,33,0,0
BRDA:363,33,1,0
BRDA:376,34,0,0
BRDA:376,34,1,0
BRDA:392,35,0,0
BRDA:392,35,1,0
BRDA:392,36,0,0
BRDA:392,36,1,0
BRDA:395,37,0,0
BRDA:395,37,1,0
BRDA:435,38,0,0
BRDA:435,38,1,0
BRDA:444,39,0,0
BRDA:444,39,1,0
BRDA:444,40,0,0
BRDA:444,40,1,0
BRDA:452,41,0,0
BRDA:452,41,1,0
BRDA:452,42,0,0
BRDA:452,42,1,0
BRDA:453,43,0,0
BRDA:453,43,1,0
BRDA:463,44,0,0
BRDA:463,44,1,0
BRDA:478,45,0,0
BRDA:478,45,1,0
BRDA:478,46,0,0
BRDA:478,46,1,0
BRDA:485,47,0,0
BRDA:485,47,1,0
BRDA:502,48,0,0
BRDA:502,48,1,0
BRDA:504,49,0,0
BRDA:504,49,1,0
BRDA:517,50,0,0
BRDA:517,50,1,0
BRDA:517,50,2,0
BRDA:561,51,0,0
BRDA:561,51,1,0
BRDA:570,52,0,0
BRDA:570,52,1,0
BRDA:574,53,0,0
BRDA:574,53,1,0
BRDA:574,54,0,0
BRDA:574,54,1,0
BRDA:580,55,0,0
BRDA:580,55,1,0
BRDA:593,56,0,0
BRDA:593,56,1,0
BRDA:593,57,0,0
BRDA:593,57,1,0
BRDA:593,57,2,0
BRDA:593,57,3,0
BRDA:593,57,4,0
BRDA:601,58,0,0
BRDA:601,58,1,0
BRDA:602,59,0,0
BRDA:602,59,1,0
BRDA:608,60,0,0
BRDA:608,60,1,0
BRDA:615,61,0,0
BRDA:615,61,1,0
BRDA:616,62,0,0
BRDA:616,62,1,0
BRDA:625,63,0,0
BRDA:625,63,1,0
BRDA:631,64,0,0
BRDA:631,64,1,0
BRDA:642,65,0,0
BRDA:642,65,1,0
BRDA:642,66,0,0
BRDA:642,66,1,0
BRDA:642,66,2,0
BRDA:647,67,0,0
BRDA:647,67,1,0
BRDA:649,68,0,0
BRDA:649,68,1,0
BRDA:651,69,0,0
BRDA:651,69,1,0
BRDA:652,70,0,0
BRDA:652,70,1,0
BRDA:683,71,0,0
BRDA:683,71,1,0
BRDA:686,72,0,0
BRDA:686,72,1,0
BRDA:692,73,0,0
BRDA:692,73,1,0
BRDA:693,74,0,0
BRDA:693,74,1,0
BRDA:708,75,0,0
BRDA:708,75,1,0
BRDA:712,76,0,0
BRDA:712,76,1,0
BRDA:716,77,0,0
BRDA:716,77,1,0
BRDA:719,78,0,0
BRDA:719,78,1,0
BRDA:730,79,0,0
BRDA:730,79,1,0
BRDA:737,80,0,0
BRDA:737,80,1,0
BRDA:750,81,0,0
BRDA:750,81,1,0
BRDA:759,82,0,0
BRDA:759,82,1,0
BRDA:770,83,0,0
BRDA:770,83,1,0
BRDA:787,84,0,0
BRDA:787,84,1,0
BRDA:796,85,0,0
BRDA:796,85,1,0
BRDA:797,86,0,0
BRDA:797,86,1,0
BRDA:797,87,0,0
BRDA:797,87,1,0
BRDA:800,88,0,0
BRDA:800,88,1,0
BRDA:800,89,0,0
BRDA:800,89,1,0
BRDA:830,90,0,0
BRDA:830,90,1,0
BRDA:830,91,0,0
BRDA:830,91,1,0
BRDA:839,92,0,0
BRDA:839,92,1,0
BRDA:849,93,0,0
BRDA:849,93,1,0
BRDA:863,94,0,0
BRDA:863,94,1,0
BRDA:880,95,0,0
BRDA:880,95,1,0
BRDA:888,96,0,0
BRDA:888,96,1,0
BRDA:889,97,0,0
BRDA:889,97,1,0
BRDA:889,98,0,0
BRDA:889,98,1,0
BRDA:895,99,0,0
BRDA:895,99,1,0
BRDA:898,100,0,0
BRDA:898,100,1,0
BRDA:922,101,0,0
BRDA:922,101,1,0
BRDA:931,102,0,0
BRDA:931,102,1,0
BRDA:932,103,0,0
BRDA:932,103,1,0
BRDA:932,104,0,0
BRDA:932,104,1,0
BRDA:939,105,0,0
BRDA:939,105,1,0
BRDA:959,106,0,0
BRDA:959,106,1,0
BRDA:974,107,0,0
BRDA:974,107,1,0
BRDA:993,108,0,0
BRDA:993,108,1,0
BRDA:995,109,0,0
BRDA:995,109,1,0
BRDA:1015,110,0,0
BRDA:1015,110,1,0
BRDA:1026,111,0,0
BRDA:1026,111,1,0
BRDA:1043,112,0,0
BRDA:1043,112,1,0
BRDA:1045,113,0,0
BRDA:1045,113,1,0
BRDA:1048,114,0,0
BRDA:1048,114,1,0
BRF:237
BRH:0
end_of_record
TN:
SF:src\lib\recipeImport.ts
FN:28,parseIsoDuration
FN:39,firstString
FN:57,parseYield
FN:66,toInstructionList
FN:70,(anonymous_9)
FN:103,extractJsonLd
FN:119,findRecipeNode
FN:135,(anonymous_12)
FN:153,parseRecipeFromHtml
FNF:9
FNH:0
FNDA:0,parseIsoDuration
FNDA:0,firstString
FNDA:0,parseYield
FNDA:0,toInstructionList
FNDA:0,(anonymous_9)
FNDA:0,extractJsonLd
FNDA:0,findRecipeNode
FNDA:0,(anonymous_12)
FNDA:0,parseRecipeFromHtml
DA:12,0
DA:28,0
DA:29,0
DA:30,0
DA:31,0
DA:32,0
DA:33,0
DA:34,0
DA:35,0
DA:36,0
DA:40,0
DA:41,0
DA:42,0
DA:43,0
DA:44,0
DA:47,0
DA:48,0
DA:49,0
DA:50,0
DA:51,0
DA:53,0
DA:58,0
DA:59,0
DA:60,0
DA:61,0
DA:62,0
DA:63,0
DA:67,0
DA:68,0
DA:70,0
DA:71,0
DA:73,0
DA:74,0
DA:75,0
DA:77,0
DA:79,0
DA:80,0
DA:81,0
DA:83,0
DA:84,0
DA:86,0
DA:87,0
DA:88,0
DA:90,0
DA:91,0
DA:92,0
DA:94,0
DA:98,0
DA:99,0
DA:103,0
DA:104,0
DA:105,0
DA:108,0
DA:109,0
DA:110,0
DA:115,0
DA:119,0
DA:120,0
DA:122,0
DA:123,0
DA:124,0
DA:126,0
DA:127,0
DA:128,0
DA:130,0
DA:132,0
DA:133,0
DA:134,0
DA:135,0
DA:136,0
DA:140,0
DA:141,0
DA:142,0
DA:146,0
DA:153,0
DA:154,0
DA:155,0
DA:157,0
DA:163,0
DA:164,0
DA:166,0
DA:167,0
DA:168,0
DA:173,0
DA:182,0
DA:183,0
DA:185,0
DA:189,0
DA:191,0
LF:89
LH:0
BRDA:29,0,0,0
BRDA:29,0,1,0
BRDA:31,1,0,0
BRDA:31,1,1,0
BRDA:32,2,0,0
BRDA:32,2,1,0
BRDA:33,3,0,0
BRDA:33,3,1,0
BRDA:34,4,0,0
BRDA:34,4,1,0
BRDA:36,5,0,0
BRDA:36,5,1,0
BRDA:40,6,0,0
BRDA:40,6,1,0
BRDA:41,7,0,0
BRDA:41,7,1,0
BRDA:44,8,0,0
BRDA:44,8,1,0
BRDA:47,9,0,0
BRDA:47,9,1,0
BRDA:47,10,0,0
BRDA:47,10,1,0
BRDA:49,11,0,0
BRDA:49,11,1,0
BRDA:50,12,0,0
BRDA:50,12,1,0
BRDA:51,13,0,0
BRDA:51,13,1,0
BRDA:59,14,0,0
BRDA:59,14,1,0
BRDA:61,15,0,0
BRDA:61,15,1,0
BRDA:63,16,0,0
BRDA:63,16,1,0
BRDA:63,17,0,0
BRDA:63,17,1,0
BRDA:67,18,0,0
BRDA:67,18,1,0
BRDA:71,19,0,0
BRDA:71,19,1,0
BRDA:75,20,0,0
BRDA:75,20,1,0
BRDA:79,21,0,0
BRDA:79,21,1,0
BRDA:83,22,0,0
BRDA:83,22,1,0
BRDA:83,23,0,0
BRDA:83,23,1,0
BRDA:86,24,0,0
BRDA:86,24,1,0
BRDA:90,25,0,0
BRDA:90,25,1,0
BRDA:94,26,0,0
BRDA:94,26,1,0
BRDA:124,27,0,0
BRDA:124,27,1,0
BRDA:126,28,0,0
BRDA:126,28,1,0
BRDA:130,29,0,0
BRDA:130,29,1,0
BRDA:134,30,0,0
BRDA:134,30,1,0
BRDA:135,31,0,0
BRDA:135,31,1,0
BRDA:135,32,0,0
BRDA:135,32,1,0
BRDA:140,33,0,0
BRDA:140,33,1,0
BRDA:142,34,0,0
BRDA:142,34,1,0
BRDA:142,35,0,0
BRDA:142,35,1,0
BRDA:155,36,0,0
BRDA:155,36,1,0
BRDA:157,37,0,0
BRDA:157,37,1,0
BRDA:159,38,0,0
BRDA:159,38,1,0
BRDA:167,39,0,0
BRDA:167,39,1,0
BRDA:168,40,0,0
BRDA:168,40,1,0
BRDA:182,41,0,0
BRDA:182,41,1,0
BRDA:189,42,0,0
BRDA:189,42,1,0
BRDA:197,43,0,0
BRDA:197,43,1,0
BRDA:197,43,2,0
BRF:89
BRH:0
end_of_record
TN:
SF:src\lib\seedStarterRecipes.ts
FN:12,seedStarterRecipes
FN:53,(anonymous_2)
FN:61,(anonymous_3)
FNF:3
FNH:0
FNDA:0,seedStarterRecipes
FNDA:0,(anonymous_2)
FNDA:0,(anonymous_3)
DA:8,0
DA:9,0
DA:10,0
DA:12,0
DA:13,0
DA:15,0
DA:17,0
DA:34,0
DA:35,0
DA:39,0
DA:40,0
DA:41,0
DA:46,0
DA:47,0
DA:49,0
DA:53,0
DA:61,0
DA:63,0
DA:64,0
LF:19
LH:0
BRDA:34,0,0,0
BRDA:34,0,1,0
BRDA:46,1,0,0
BRDA:46,1,1,0
BRDA:64,2,0,0
BRDA:64,2,1,0
BRF:6
BRH:0
end_of_record
TN:
SF:src\lib\slotMatching.ts
FN:31,hasPreference
FN:47,minutes
FN:53,weekdayOf
FN:68,scoreSlot
FN:109,suggestSlot
FN:127,describeMatch
FNF:6
FNH:0
FNDA:0,hasPreference
FNDA:0,minutes
FNDA:0,weekdayOf
FNDA:0,scoreSlot
FNDA:0,suggestSlot
FNDA:0,describeMatch
DA:9,0
DA:31,0
DA:32,0
DA:43,0
DA:44,0
DA:45,0
DA:48,0
DA:49,0
DA:50,0
DA:54,0
DA:55,0
DA:57,0
DA:68,0
DA:69,0
DA:71,0
DA:73,0
DA:74,0
DA:77,0
DA:78,0
DA:79,0
DA:80,0
DA:82,0
DA:83,0
DA:84,0
DA:91,0
DA:92,0
DA:99,0
DA:101,0
DA:109,0
DA:113,0
DA:115,0
DA:117,0
DA:118,0
DA:119,0
DA:120,0
DA:123,0
DA:127,0
DA:128,0
DA:130,0
DA:131,0
DA:133,0
DA:134,0
DA:135,0
DA:136,0
DA:137,0
DA:138,0
DA:142,0
DA:143,0
LF:48
LH:0
BRDA:33,0,0,0
BRDA:33,0,1,0
BRDA:33,0,2,0
BRDA:33,0,3,0
BRDA:49,1,0,0
BRDA:49,1,1,0
BRDA:55,2,0,0
BRDA:55,2,1,0
BRDA:57,3,0,0
BRDA:57,3,1,0
BRDA:69,4,0,0
BRDA:69,4,1,0
BRDA:73,5,0,0
BRDA:73,5,1,0
BRDA:74,6,0,0
BRDA:74,6,1,0
BRDA:77,7,0,0
BRDA:77,7,1,0
BRDA:77,8,0,0
BRDA:77,8,1,0
BRDA:82,9,0,0
BRDA:82,9,1,0
BRDA:82,10,0,0
BRDA:82,10,1,0
BRDA:82,10,2,0
BRDA:83,11,0,0
BRDA:83,11,1,0
BRDA:83,12,0,0
BRDA:83,12,1,0
BRDA:91,13,0,0
BRDA:91,13,1,0
BRDA:113,14,0,0
BRDA:113,14,1,0
BRDA:113,15,0,0
BRDA:113,15,1,0
BRDA:119,16,0,0
BRDA:119,16,1,0
BRDA:120,17,0,0
BRDA:120,17,1,0
BRDA:120,18,0,0
BRDA:120,18,1,0
BRDA:123,19,0,0
BRDA:123,19,1,0
BRDA:130,20,0,0
BRDA:130,20,1,0
BRDA:130,21,0,0
BRDA:130,21,1,0
BRDA:133,22,0,0
BRDA:133,22,1,0
BRDA:133,23,0,0
BRDA:133,23,1,0
BRDA:137,24,0,0
BRDA:137,24,1,0
BRDA:137,25,0,0
BRDA:137,25,1,0
BRDA:137,25,2,0
BRDA:137,25,3,0
BRDA:137,25,4,0
BRDA:142,26,0,0
BRDA:142,26,1,0
BRF:60
BRH:0
end_of_record
TN:
SF:src\lib\staples.ts
FN:32,isStapleDue
FN:52,daysUntilStapleDue
FNF:2
FNH:0
FNDA:0,isStapleDue
FNDA:0,daysUntilStapleDue
DA:14,0
DA:20,0
DA:32,0
DA:37,0
DA:39,0
DA:40,0
DA:42,0
DA:47,0
DA:48,0
DA:52,0
DA:57,0
DA:59,0
DA:60,0
DA:65,0
DA:66,0
LF:15
LH:0
BRDA:35,0,0,0
BRDA:37,1,0,0
BRDA:37,1,1,0
BRDA:40,2,0,0
BRDA:40,2,1,0
BRDA:55,3,0,0
BRDA:57,4,0,0
BRDA:57,4,1,0
BRF:8
BRH:0
end_of_record
TN:
SF:src\lib\starterRecipes.ts
FNF:0
FNH:0
DA:23,0
LF:1
LH:0
BRF:0
BRH:0
end_of_record
TN:
SF:src\lib\suggestions.ts
FN:30,suggestFromIngredients
FN:47,(anonymous_4)
FN:57,(anonymous_5)
FN:65,(anonymous_6)
FN:81,perishablesAmong
FN:82,(anonymous_8)
FNF:6
FNH:0
FNDA:0,suggestFromIngredients
FNDA:0,(anonymous_4)
FNDA:0,(anonymous_5)
FNDA:0,(anonymous_6)
FNDA:0,perishablesAmong
FNDA:0,(anonymous_8)
DA:25,0
DA:28,0
DA:30,0
DA:35,0
DA:36,0
DA:38,0
DA:39,0
DA:41,0
DA:43,0
DA:44,0
DA:45,0
DA:47,0
DA:48,0
DA:50,0
DA:51,0
DA:53,0
DA:57,0
DA:65,0
DA:66,0
DA:67,0
DA:68,0
DA:71,0
DA:81,0
DA:82,0
LF:24
LH:0
BRDA:33,0,0,0
BRDA:36,1,0,0
BRDA:36,1,1,0
BRDA:38,2,0,0
BRDA:38,2,1,0
BRDA:39,3,0,0
BRDA:39,3,1,0
BRDA:44,4,0,0
BRDA:44,4,1,0
BRDA:45,5,0,0
BRDA:45,5,1,0
BRDA:50,6,0,0
BRDA:50,6,1,0
BRDA:51,7,0,0
BRDA:51,7,1,0
BRDA:66,8,0,0
BRDA:66,8,1,0
BRDA:67,9,0,0
BRDA:67,9,1,0
BRF:19
BRH:0
end_of_record
TN:
SF:src\lib\tescoResolver.ts
FN:20,resolveIngredient
FN:31,resolveIngredients
FNF:2
FNH:0
FNDA:0,resolveIngredient
FNDA:0,resolveIngredients
DA:1,0
DA:11,0
DA:12,0
DA:20,0
DA:21,0
DA:22,0
DA:23,0
DA:24,0
DA:26,0
DA:31,0
DA:34,0
DA:35,0
DA:36,0
DA:37,0
DA:39,0
LF:15
LH:0
BRDA:24,0,0,0
BRDA:24,0,1,0
BRDA:37,1,0,0
BRDA:37,1,1,0
BRF:4
BRH:0
end_of_record
TN:
SF:src\lib\types.ts
FNF:0
FNH:0
DA:21,21
DA:32,1
DA:34,1
DA:36,1
DA:42,1
DA:48,1
LF:6
LH:6
BRF:0
BRH:0
end_of_record
TN:
SF:src\lib\units.ts
FN:52,canonicalCount
FN:61,normaliseUnit
FN:69,unitGroup
FN:79,toBaseQuantity
FN:88,baseUnitLabel
FN:99,convert
FNF:6
FNH:0
FNDA:0,canonicalCount
FNDA:0,normaliseUnit
FNDA:0,unitGroup
FNDA:0,toBaseQuantity
FNDA:0,baseUnitLabel
FNDA:0,convert
DA:19,0
DA:35,0
DA:53,0
DA:58,0
DA:61,0
DA:62,0
DA:69,0
DA:70,0
DA:71,0
DA:72,0
DA:73,0
DA:75,0
DA:79,0
DA:80,0
DA:81,0
DA:82,0
DA:83,0
DA:84,0
DA:88,0
DA:89,0
DA:90,0
DA:91,0
DA:92,0
DA:99,0
DA:100,0
DA:101,0
DA:102,0
DA:103,0
DA:104,0
LF:29
LH:0
BRDA:58,0,0,0
BRDA:58,0,1,0
BRDA:72,1,0,0
BRDA:72,1,1,0
BRDA:73,2,0,0
BRDA:73,2,1,0
BRDA:82,3,0,0
BRDA:82,3,1,0
BRDA:83,4,0,0
BRDA:83,4,1,0
BRDA:83,5,0,0
BRDA:83,5,1,0
BRDA:89,6,0,0
BRDA:89,6,1,0
BRDA:90,7,0,0
BRDA:90,7,1,0
BRDA:91,8,0,0
BRDA:91,8,1,0
BRDA:100,9,0,0
BRDA:100,9,1,0
BRDA:103,10,0,0
BRDA:103,10,1,0
BRDA:103,11,0,0
BRDA:103,11,1,0
BRDA:103,11,2,0
BRF:25
BRH:0
end_of_record
TN:
SF:src\lib\viewAs.ts
FN:32,readViewAsId
FN:50,resolveViewAs
FN:76,viewAsRefusal
FNF:3
FNH:0
FNDA:0,readViewAsId
FNDA:0,resolveViewAs
FNDA:0,viewAsRefusal
DA:1,0
DA:3,0
DA:6,0
DA:24,0
DA:32,0
DA:33,0
DA:34,0
DA:35,0
DA:50,0
DA:54,0
DA:55,0
DA:57,0
DA:58,0
DA:60,0
DA:61,0
DA:62,0
DA:64,0
DA:76,0
DA:77,0
DA:78,0
DA:79,0
LF:21
LH:0
BRDA:33,0,0,0
BRDA:33,0,1,0
BRDA:35,1,0,0
BRDA:35,1,1,0
BRDA:55,2,0,0
BRDA:55,2,1,0
BRDA:55,3,0,0
BRDA:55,3,1,0
BRDA:58,4,0,0
BRDA:58,4,1,0
BRDA:58,5,0,0
BRDA:58,5,1,0
BRDA:61,6,0,0
BRDA:61,6,1,0
BRDA:62,7,0,0
BRDA:62,7,1,0
BRDA:62,8,0,0
BRDA:62,8,1,0
BRDA:78,9,0,0
BRDA:78,9,1,0
BRF:20
BRH:0
end_of_record
TN:
SF:src\lib\weeks.ts
FN:20,isoDate
FN:28,weekStartOf
FN:34,currentWeekStart
FN:38,nextWeekStart
FN:44,weekStartFor
FN:49,parseWeekChoice
FN:54,weekRangeLabel
FN:83,isDayPast
FN:95,isoWeekNumber
FN:111,isCutoffPassed
FNF:10
FNH:10
FNDA:18,isoDate
FNDA:14,weekStartOf
FNDA:9,currentWeekStart
FNDA:4,nextWeekStart
FNDA:2,weekStartFor
FNDA:6,parseWeekChoice
FNDA:3,weekRangeLabel
FNDA:21,isDayPast
FNDA:5,isoWeekNumber
FNDA:16,isCutoffPassed
DA:14,1
DA:18,1
DA:21,18
DA:22,18
DA:23,18
DA:24,18
DA:28,5
DA:29,14
DA:30,14
DA:31,14
DA:34,4
DA:35,9
DA:38,3
DA:39,4
DA:40,4
DA:41,4
DA:44,2
DA:45,2
DA:49,6
DA:50,6
DA:54,3
DA:55,3
DA:56,3
DA:57,3
DA:59,3
DA:60,3
DA:65,3
DA:70,3
DA:83,21
DA:84,21
DA:85,21
DA:88,20
DA:89,20
DA:91,20
DA:92,20
DA:95,5
DA:96,5
DA:97,5
DA:98,5
DA:99,5
DA:100,5
DA:101,5
DA:102,5
DA:111,16
DA:112,16
DA:113,16
LF:46
LH:46
BRDA:28,0,0,10
BRDA:45,1,0,1
BRDA:45,1,1,1
BRDA:50,2,0,1
BRDA:50,2,1,5
BRDA:62,3,0,2
BRDA:62,3,1,1
BRDA:83,4,0,0
BRDA:85,5,0,1
BRDA:85,5,1,20
BRDA:111,6,0,1
BRF:11
BRH:10
end_of_record
TN:
SF:src\lib\supabase\client.ts
FN:11,createClient
FNF:1
FNH:0
FNDA:0,createClient
DA:3,0
DA:5,0
DA:11,0
DA:12,0
DA:13,0
LF:5
LH:0
BRF:0
BRH:0
end_of_record
TN:
SF:src\lib\supabase\config.ts
FN:22,assertSupabaseConfigured
FNF:1
FNH:0
FNDA:0,assertSupabaseConfigured
DA:13,0
DA:15,0
DA:16,0
DA:20,0
DA:22,0
DA:23,0
DA:24,0
LF:7
LH:0
BRDA:13,0,0,0
BRDA:13,0,1,0
BRDA:16,1,0,0
BRDA:16,1,1,0
BRDA:16,1,2,0
BRDA:20,2,0,0
BRDA:20,2,1,0
BRDA:23,3,0,0
BRDA:23,3,1,0
BRF:9
BRH:0
end_of_record
TN:
SF:src\lib\supabase\server.ts
FN:10,createClient
FN:18,(anonymous_2)
FN:21,(anonymous_3)
FN:23,(anonymous_4)
FNF:4
FNH:0
FNDA:0,createClient
FNDA:0,(anonymous_2)
FNDA:0,(anonymous_3)
FNDA:0,(anonymous_4)
DA:1,0
DA:2,0
DA:4,0
DA:10,0
DA:11,0
DA:13,0
DA:17,0
DA:19,0
DA:22,0
DA:23,0
DA:24,0
DA:33,0
LF:12
LH:0
BRF:0
BRH:0
end_of_record
